\BOOKMARK [1][-]{section.1}{\376\377\000I\000n\000t\000r\000o\000d\000u\000c\000t\000i\000o\000n}{}% 1
\BOOKMARK [2][-]{subsection.1.1}{\376\377\000G\000e\000n\000e\000r\000a\000l}{section.1}% 2
\BOOKMARK [2][-]{subsection.1.2}{\376\377\000D\000o\000c\000u\000m\000e\000n\000t\000\040\000p\000u\000r\000p\000o\000s\000e}{section.1}% 3
\BOOKMARK [1][-]{section.2}{\376\377\000D\000a\000t\000a\000\040\000B\000a\000s\000i\000s}{}% 4
\BOOKMARK [2][-]{subsection.2.1}{\376\377\000D\000a\000t\000a\000\040\000s\000e\000t\000\040\000o\000v\000e\000r\000v\000i\000e\000w}{section.2}% 5
\BOOKMARK [2][-]{subsection.2.2}{\376\377\000D\000a\000t\000a\000\040\000r\000e\000s\000a\000m\000p\000l\000i\000n\000g}{section.2}% 6
\BOOKMARK [2][-]{subsection.2.3}{\376\377\000F\000i\000l\000t\000e\000r\000i\000n\000g\000\040\000r\000o\000u\000t\000i\000n\000e\000s}{section.2}% 7
\BOOKMARK [1][-]{section.3}{\376\377\000S\000e\000n\000s\000o\000r\000\040\000a\000n\000a\000l\000y\000s\000i\000s}{}% 8
\BOOKMARK [2][-]{subsection.3.1}{\376\377\000S\000e\000n\000s\000o\000r\000\040\000o\000v\000e\000r\000v\000i\000e\000w}{section.3}% 9
\BOOKMARK [2][-]{subsection.3.2}{\376\377\000S\000e\000n\000s\000o\000r\000\040\000i\000l\000l\000u\000s\000t\000r\000a\000t\000i\000o\000n}{section.3}% 10
\BOOKMARK [3][-]{subsubsection.3.2.1}{\376\377\000S\000e\000n\000s\000o\000r\000:\000\040\000W\000i\000n\000d\000\040\000S\000p\000e\000e\000d\000\040\000a\000t\000\040\0001\0005\0000\000m\000\040\000[\000m\000/\000s\000]}{subsection.3.2}% 11
\BOOKMARK [3][-]{subsubsection.3.2.2}{\376\377\000S\000e\000n\000s\000o\000r\000:\000\040\000S\000i\000g\000n\000.\000\040\000W\000a\000v\000e\000\040\000H\000e\000i\000g\000h\000t\000\040\000[\000m\000]}{subsection.3.2}% 12
\BOOKMARK [3][-]{subsubsection.3.2.3}{\376\377\000S\000e\000n\000s\000o\000r\000:\000\040\000M\000a\000x\000i\000m\000a\000l\000\040\000W\000a\000v\000e\000\040\000H\000e\000i\000g\000h\000t\000\040\000[\000m\000]}{subsection.3.2}% 13
\BOOKMARK [3][-]{subsubsection.3.2.4}{\376\377\000S\000e\000n\000s\000o\000r\000:\000\040\000P\000e\000a\000k\000\040\000W\000a\000v\000e\000\040\000P\000e\000r\000i\000o\000d\000\040\000[\000s\000]}{subsection.3.2}% 14
\BOOKMARK [3][-]{subsubsection.3.2.5}{\376\377\000S\000e\000n\000s\000o\000r\000:\000\040\000S\000i\000g\000n\000.\000\040\000W\000a\000v\000e\000\040\000H\000e\000i\000g\000h\000t\000,\000\040\000W\000i\000n\000d\000-\000S\000e\000a\000\040\000[\000m\000]}{subsection.3.2}% 15
\BOOKMARK [3][-]{subsubsection.3.2.6}{\376\377\000S\000e\000n\000s\000o\000r\000:\000\040\000P\000e\000a\000k\000\040\000W\000a\000v\000e\000\040\000P\000e\000r\000i\000o\000d\000,\000\040\000W\000i\000n\000d\000-\000S\000e\000a\000\040\000[\000s\000]}{subsection.3.2}% 16
\BOOKMARK [3][-]{subsubsection.3.2.7}{\376\377\000S\000e\000n\000s\000o\000r\000:\000\040\000S\000i\000g\000n\000.\000\040\000W\000a\000v\000e\000\040\000H\000e\000i\000g\000h\000t\000,\000\040\000S\000w\000e\000l\000l\000\040\000[\000m\000]}{subsection.3.2}% 17
\BOOKMARK [3][-]{subsubsection.3.2.8}{\376\377\000S\000e\000n\000s\000o\000r\000:\000\040\000P\000e\000a\000k\000\040\000W\000a\000v\000e\000\040\000P\000e\000r\000i\000o\000d\000,\000\040\000S\000w\000e\000l\000l\000\040\000[\000s\000]}{subsection.3.2}% 18
\BOOKMARK [3][-]{subsubsection.3.2.9}{\376\377\000S\000e\000n\000s\000o\000r\000:\000\040\000W\000a\000t\000e\000r\000\040\000L\000e\000v\000e\000l\000\040\000[\000m\000M\000S\000L\000]}{subsection.3.2}% 19
\BOOKMARK [3][-]{subsubsection.3.2.10}{\376\377\000S\000e\000n\000s\000o\000r\000:\000\040\000W\000a\000t\000e\000r\000\040\000L\000e\000v\000e\000l\000,\000\040\000T\000i\000d\000e\000\040\000[\000m\000M\000S\000L\000]}{subsection.3.2}% 20
\BOOKMARK [3][-]{subsubsection.3.2.11}{\376\377\000S\000e\000n\000s\000o\000r\000:\000\040\000C\000u\000r\000r\000e\000n\000t\000\040\000S\000p\000e\000e\000d\000\040\000S\000u\000r\000f\000a\000c\000e\000\040\000[\000m\000/\000s\000]}{subsection.3.2}% 21
\BOOKMARK [2][-]{subsection.3.3}{\376\377\000S\000e\000n\000s\000o\000r\000\040\000d\000i\000r\000e\000c\000t\000i\000o\0