This is LuaHBTeX, Version 1.18.1 (MiKTeX 24.4) (format=lualatex 2024.10.18)  29 OCT 2024 14:18
 restricted system commands enabled.
**C:/Users/aaron.lange/Desktop/Projekte/Hindcast_Tool/_Hindcast_out/HindCast_20
241029_135454/report/main.tex -output-directory C:\Users\aaron.lange\Desktop\Pr
ojekte\Hindcast_Tool\_Hindcast_out\HindCast_20241029_135454/report

(C:/Users/aaron.lange/Desktop/Projekte/Hindcast_Tool/_Hindcast_out/HindCast_202
41029_135454/report/main.tex
LaTeX2e <2024-06-01> patch level 2
L3 programming layer <2024-08-30>
Lua module: luaotfload 2024-02-14 3.28 Lua based OpenType font support
Lua module: lualibs 2023-07-13 2.76 ConTeXt Lua standard libraries.
Lua module: lualibs-extended 2023-07-13 2.76 ConTeXt Lua libraries -- extended c
ollection.
luaotfload | conf : Root cache directory is "C:/Users/aaron.lange/AppData/Local/
MiKTeX/luatex-cache/generic/names".
luaotfload | init : Loading fontloader "fontloader-2023-12-28.lua" from kpse-res
olved path "C:/temp/MikTex/tex/luatex/luaotfload/fontloader-2023-12-28.lua".
Lua-only attribute luaotfload@noligature = 1
luaotfload | init : Context OpenType loader version 3.134
Inserting `luaotfload.node_processor' in `pre_linebreak_filter'.
Inserting `luaotfload.node_processor' in `hpack_filter'.
Inserting `luaotfload.glyph_stream' in `glyph_stream_provider'.
Inserting `luaotfload.define_font' in `define_font'.
Lua-only attribute luaotfload_color_attribute = 2
luaotfload | conf : Root cache directory is "C:/Users/aaron.lange/AppData/Local/
MiKTeX/luatex-cache/generic/names".
Inserting `luaotfload.harf.strip_prefix' in `find_opentype_file'.
Inserting `luaotfload.harf.strip_prefix' in `find_truetype_file'.
Removing  `luaotfload.glyph_stream' from `glyph_stream_provider'.
Inserting `luaotfload.harf.glyphstream' in `glyph_stream_provider'.
Inserting `luaotfload.harf.finalize_vlist' in `post_linebreak_filter'.
Inserting `luaotfload.harf.finalize_hlist' in `hpack_filter'.
Inserting `luaotfload.cleanup_files' in `wrapup_run'.
Inserting `luaotfload.harf.finalize_unicode' in `finish_pdffile'.
Inserting `luaotfload.glyphinfo' in `glyph_info'.
Lua-only attribute luaotfload.letterspace_done = 3
Inserting `luaotfload.aux.set_sscale_dimens' in `luaotfload.patch_font'.
Inserting `luaotfload.aux.set_font_index' in `luaotfload.patch_font'.
Inserting `luaotfload.aux.patch_cambria_domh' in `luaotfload.patch_font'.
Inserting `luaotfload.aux.fixup_fontdata' in `luaotfload.patch_font_unsafe'.
Inserting `luaotfload.aux.set_capheight' in `luaotfload.patch_font'.
Inserting `luaotfload.aux.set_xheight' in `luaotfload.patch_font'.
Inserting `luaotfload.rewrite_fontname' in `luaotfload.patch_font'.
Inserting `tracingstacklevels' in `input_level_string'. (C:/temp/MikTex/tex/lat
ex/base/article.cls
Document Class: article 2024/02/08 v1.4n Standard LaTeX document class
(C:/temp/MikTex/tex/latex/base/size10.clo
File: size10.clo 2024/02/08 v1.4n Standard LaTeX file (size option)
luaotfload | db : Font names database loaded from C:/Users/aaron.lange/AppData/L
ocal/MiKTeX/luatex-cache/generic/names/luaotfload-names.luc.gz)
\c@part=\count192
\c@section=\count193
\c@subsection=\count194
\c@subsubsection=\count195
\c@paragraph=\count196
\c@subparagraph=\count197
\c@figure=\count198
\c@table=\count199
\abovecaptionskip=\skip49
\belowcaptionskip=\skip50
\bibindent=\dimen140
)
(C:/temp/MikTex/tex/latex/base/inputenc.sty
Package: inputenc 2024/02/08 v1.3d Input encoding file
\inpenc@prehook=\toks17
\inpenc@posthook=\toks18


Package inputenc Warning: inputenc package ignored with utf8 based engines.

) (C:/temp/MikTex/tex/latex/hyperref/hyperref.sty
Package: hyperref 2024-07-10 v7.01j Hypertext links for LaTeX

(C:/temp/MikTex/tex/generic/iftex/iftex.sty
Package: iftex 2022/02/03 v1.0f TeX engine tests
)
(C:/temp/MikTex/tex/latex/graphics/keyval.sty
Package: keyval 2022/05/29 v1.15 key=value parser (DPC)
\KV@toks@=\toks19
)
(C:/temp/MikTex/tex/latex/kvsetkeys/kvsetkeys.sty
Package: kvsetkeys 2022-10-05 v1.19 Key value parser (HO)
)
(C:/temp/MikTex/tex/generic/kvdefinekeys/kvdefinekeys.sty
Package: kvdefinekeys 2019-12-19 v1.6 Define keys (HO)
)
(C:/temp/MikTex/tex/generic/pdfescape/pdfescape.sty
Package: pdfescape 2019/12/09 v1.15 Implements pdfTeX's escape features (HO)

(C:/temp/MikTex/tex/generic/ltxcmds/ltxcmds.sty
Package: ltxcmds 2023-12-04 v1.26 LaTeX kernel commands for general use (HO)
)
(C:/temp/MikTex/tex/generic/pdftexcmds/pdftexcmds.sty
Package: pdftexcmds 2020-06-27 v0.33 Utility functions of pdfTeX for LuaTeX (HO
)

(C:/temp/MikTex/tex/generic/infwarerr/infwarerr.sty
Package: infwarerr 2019/12/03 v1.5 Providing info/warning/error messages (HO)
)
Package pdftexcmds Info: \pdf@primitive is available.
Package pdftexcmds Info: \pdf@ifprimitive is available.
Package pdftexcmds Info: \pdfdraftmode found.
\pdftexcmds@toks=\toks20
))
(C:/temp/MikTex/tex/latex/hycolor/hycolor.sty
Package: hycolor 2020-01-27 v1.10 Color options for hyperref/bookmark (HO)
)
(C:/temp/MikTex/tex/latex/hyperref/nameref.sty
Package: nameref 2023-11-26 v2.56 Cross-referencing by name of section

(C:/temp/MikTex/tex/latex/refcount/refcount.sty
Package: refcount 2019/12/15 v3.6 Data extraction from label references (HO)
)
(C:/temp/MikTex/tex/generic/gettitlestring/gettitlestring.sty
Package: gettitlestring 2019/12/15 v1.6 Cleanup title references (HO)

(C:/temp/MikTex/tex/latex/kvoptions/kvoptions.sty
Package: kvoptions 2022-06-15 v3.15 Key value format for package options (HO)
))
\c@section@level=\count266
)
(C:/temp/MikTex/tex/latex/etoolbox/etoolbox.sty
Package: etoolbox 2020/10/05 v2.5k e-TeX tools for LaTeX (JAW)
\etb@tempcnta=\count267
)
(C:/temp/MikTex/tex/generic/stringenc/stringenc.sty
Package: stringenc 2019/11/29 v1.12 Convert strings between diff. encodings (HO
)
)
\@linkdim=\dimen141
\Hy@linkcounter=\count268
\Hy@pagecounter=\count269

(C:/temp/MikTex/tex/latex/hyperref/pd1enc.def
File: pd1enc.def 2024-07-10 v7.01j Hyperref: PDFDocEncoding definition (HO)
)
(C:/temp/MikTex/tex/generic/intcalc/intcalc.sty
Package: intcalc 2019/12/15 v1.3 Expandable calculations with integers (HO)
)
\Hy@SavedSpaceFactor=\count270

(C:/temp/MikTex/tex/latex/hyperref/puenc.def
File: puenc.def 2024-07-10 v7.01j Hyperref: PDF Unicode definition (HO)
)
Package hyperref Info: Hyper figures OFF on input line 4157.
Package hyperref Info: Link nesting OFF on input line 4162.
Package hyperref Info: Hyper index ON on input line 4165.
Package hyperref Info: Plain pages OFF on input line 4172.
Package hyperref Info: Backreferencing OFF on input line 4177.
Package hyperref Info: Implicit mode ON; LaTeX internals redefined.
Package hyperref Info: Bookmarks ON on input line 4424.
\c@Hy@tempcnt=\count271

(C:/temp/MikTex/tex/latex/url/url.sty
\Urlmuskip=\muskip17
Package: url 2013/09/16  ver 3.4  Verb mode for urls, etc.
)
LaTeX Info: Redefining \url on input line 4763.
\XeTeXLinkMargin=\dimen142

(C:/temp/MikTex/tex/generic/bitset/bitset.sty
Package: bitset 2019/12/09 v1.3 Handle bit-vector datatype (HO)

(C:/temp/MikTex/tex/generic/bigintcalc/bigintcalc.sty
Package: bigintcalc 2019/12/15 v1.5 Expandable calculations on big integers (HO
)
))
\Fld@menulength=\count272
\Field@Width=\dimen143
\Fld@charsize=\dimen144
Package hyperref Info: Hyper figures OFF on input line 6042.
Package hyperref Info: Link nesting OFF on input line 6047.
Package hyperref Info: Hyper index ON on input line 6050.
Package hyperref Info: backreferencing OFF on input line 6057.
Package hyperref Info: Link coloring OFF on input line 6062.
Package hyperref Info: Link coloring with OCG OFF on input line 6067.
Package hyperref Info: PDF/A mode OFF on input line 6072.

(C:/temp/MikTex/tex/latex/base/atbegshi-ltx.sty
Package: atbegshi-ltx 2021/01/10 v1.0c Emulation of the original atbegshi
package with kernel methods
)
\Hy@abspage=\count273
\c@Item=\count274
\c@Hfootnote=\count275
)
Package hyperref Info: Driver (autodetected): hluatex.

(C:/temp/MikTex/tex/latex/hyperref/hluatex.def
File: hluatex.def 2024-07-10 v7.01j Hyperref driver for luaTeX

(C:/temp/MikTex/tex/latex/base/atveryend-ltx.sty
Package: atveryend-ltx 2020/08/19 v1.0a Emulation of the original atveryend pac
kage
with kernel methods
)
\Fld@listcount=\count276
\c@bookmark@seq@number=\count277

(C:/temp/MikTex/tex/latex/rerunfilecheck/rerunfilecheck.sty
Package: rerunfilecheck 2022-07-10 v1.10 Rerun checks for auxiliary files (HO)

(C:/temp/MikTex/tex/generic/uniquecounter/uniquecounter.sty
Package: uniquecounter 2019/12/15 v1.4 Provide unlimited unique counter (HO)
)
Package uniquecounter Info: New unique counter `rerunfilecheck' on input line 2
85.
)
\Hy@SectionHShift=\skip51
)
(C:/temp/MikTex/tex/latex/tools/array.sty
Package: array 2024/06/14 v2.6d Tabular extension package (FMi)
\col@sep=\dimen145
\ar@mcellbox=\box52
\extrarowheight=\dimen146
\NC@list=\toks21
\extratabsurround=\skip52
\backup@length=\skip53
\ar@cellbox=\box53
)
(C:/temp/MikTex/tex/latex/lastpage/lastpage.sty
Package: lastpage 2024/07/07 v2.1c lastpage: 2.09 or 2e? (HMM)

(C:/temp/MikTex/tex/latex/lastpage/lastpage2e.sty
Package: lastpage2e 2024/07/07 v2.1c Decide which 2e lastpage version to use (H
MM)

(C:/temp/MikTex/tex/latex/lastpage/lastpagemodern.sty
Package: lastpagemodern 2024-07-07 v2.1c Refers to last page's name (HMM; JPG)
\c@lastpagecount=\count278
) 
)) (C:/temp/MikTex/tex/latex/lipsum/lipsum.sty
(C:/temp/MikTex/tex/latex/l3packages/l3keys2e/l3keys2e.sty
(C:/temp/MikTex/tex/latex/l3kernel/expl3.sty
Package: expl3 2024-08-30 L3 programming layer (loader) 

(C:/temp/MikTex/tex/latex/l3backend/l3backend-luatex.def
File: l3backend-luatex.def 2024-05-08 L3 backend support: PDF output (LuaTeX)
\l__color_backend_stack_int=\count279
Inserting `l3color' in `luaotfload.parse_color'.
\l__pdf_internal_box=\box54
))
Package: l3keys2e 2024-08-16 LaTeX2e option processing using LaTeX3 keys
)
Package: lipsum 2021-09-20 v2.7 150 paragraphs of Lorem Ipsum dummy text
\g__lipsum_par_int=\count280
\l__lipsum_a_int=\count281
\l__lipsum_b_int=\count282

(C:/temp/MikTex/tex/latex/lipsum/lipsum.ltd.tex))
(C:/temp/MikTex/tex/latex/multirow/multirow.sty
Package: multirow 2021/03/15 v2.8 Span multiple rows of a table
\multirow@colwidth=\skip54
\multirow@cntb=\count283
\multirow@dima=\skip55
\bigstrutjot=\dimen147
)
(C:/temp/MikTex/tex/latex/fancyhdr/fancyhdr.sty
Package: fancyhdr 2024/07/23 v4.3.1 Extensive control of page headers and foote
rs
\f@nch@headwidth=\skip56
\f@nch@O@elh=\skip57
\f@nch@O@erh=\skip58
\f@nch@O@olh=\skip59
\f@nch@O@orh=\skip60
\f@nch@O@elf=\skip61
\f@nch@O@erf=\skip62
\f@nch@O@olf=\skip63
\f@nch@O@orf=\skip64
)
(C:/temp/MikTex/tex/latex/geometry/geometry.sty
Package: geometry 2020/01/02 v5.9 Page Geometry

(C:/temp/MikTex/tex/generic/iftex/ifvtex.sty
Package: ifvtex 2019/10/25 v1.7 ifvtex legacy package. Use iftex instead.
)
\Gm@cnth=\count284
\Gm@cntv=\count285
\c@Gm@tempcnt=\count286
\Gm@bindingoffset=\dimen148
\Gm@wd@mp=\dimen149
\Gm@odd@mp=\dimen150
\Gm@even@mp=\dimen151
\Gm@layoutwidth=\dimen152
\Gm@layoutheight=\dimen153
\Gm@layouthoffset=\dimen154
\Gm@layoutvoffset=\dimen155
\Gm@dimlist=\toks22

(C:/temp/MikTex/tex/latex/geometry/geometry.cfg))
(C:/temp/MikTex/tex/latex/xcolor/xcolor.sty
Package: xcolor 2023/11/15 v3.01 LaTeX color extensions (UK)

(C:/temp/MikTex/tex/latex/graphics-cfg/color.cfg
File: color.cfg 2016/01/02 v1.6 sample color configuration
)
Package xcolor Info: Driver file: luatex.def on input line 274.

(C:/temp/MikTex/tex/latex/graphics-def/luatex.def
File: luatex.def 2024/04/13 v1.2e Graphics/color driver for luatex
)
(C:/temp/MikTex/tex/latex/graphics/mathcolor.ltx)
Package xcolor Info: Model `cmy' substituted by `cmy0' on input line 1350.
Package xcolor Info: Model `hsb' substituted by `rgb' on input line 1354.
Package xcolor Info: Model `RGB' extended on input line 1366.
Package xcolor Info: Model `HTML' substituted by `rgb' on input line 1368.
Package xcolor Info: Model `Hsb' substituted by `hsb' on input line 1369.
Package xcolor Info: Model `tHsb' substituted by `hsb' on input line 1370.
Package xcolor Info: Model `HSB' substituted by `hsb' on input line 1371.
Package xcolor Info: Model `Gray' substituted by `gray' on input line 1372.
Package xcolor Info: Model `wave' substituted by `hsb' on input line 1373.
)
(C:/temp/MikTex/tex/latex/colortbl/colortbl.sty
Package: colortbl 2024/07/06 v1.0i Color table columns (DPC)
\everycr=\toks23
\minrowclearance=\skip65
\rownum=\count287
)
(C:/temp/MikTex/tex/latex/graphics/graphicx.sty
Package: graphicx 2021/09/16 v1.2d Enhanced LaTeX Graphics (DPC,SPQR)

(C:/temp/MikTex/tex/latex/graphics/graphics.sty
Package: graphics 2024/05/23 v1.4g Standard LaTeX Graphics (DPC,SPQR)

(C:/temp/MikTex/tex/latex/graphics/trig.sty
Package: trig 2023/12/02 v1.11 sin cos tan (DPC)
)
(C:/temp/MikTex/tex/latex/graphics-cfg/graphics.cfg
File: graphics.cfg 2016/06/04 v1.11 sample graphics configuration
)
Package graphics Info: Driver file: luatex.def on input line 106.
)
\Gin@req@height=\dimen156
\Gin@req@width=\dimen157
)
(C:/temp/MikTex/tex/latex/fontspec/fontspec.sty
(C:/temp/MikTex/tex/latex/l3packages/xparse/xparse.sty
Package: xparse 2024-08-16 L3 Experimental document command parser
)
Package: fontspec 2024/05/11 v2.9e Font selection for XeLaTeX and LuaLaTeX
Lua module: fontspec 2024/05/11 2.9e Font selection for XeLaTeX and LuaLaTeX
(C:/temp/MikTex/tex/latex/fontspec/fontspec-luatex.sty
Package: fontspec-luatex 2024/05/11 v2.9e Font selection for XeLaTeX and LuaLaT
eX
\l__fontspec_script_int=\count288
\l__fontspec_language_int=\count289
\l__fontspec_strnum_int=\count290
\l__fontspec_tmp_int=\count291
\l__fontspec_tmpa_int=\count292
\l__fontspec_tmpb_int=\count293
\l__fontspec_tmpc_int=\count294
\l__fontspec_em_int=\count295
\l__fontspec_emdef_int=\count296
\l__fontspec_strong_int=\count297
\l__fontspec_strongdef_int=\count298
\l__fontspec_tmpa_dim=\dimen158
\l__fontspec_tmpb_dim=\dimen159
\l__fontspec_tmpc_dim=\dimen160

(C:/temp/MikTex/tex/latex/base/fontenc.sty
Package: fontenc 2021/04/29 v2.0v Standard LaTeX package
)
(C:/temp/MikTex/tex/latex/fontspec/fontspec.cfg)))
luaotfload | cache : Lookup cache loaded from C:/Users/aaron.lange/AppData/Local
/MiKTeX/luatex-cache/generic/names/luaotfload-lookup-cache.luc.
luaotfload | aux : font no 25 (nil) does not define feature smcp for script latn
 with language dflt
luaotfload | aux : font no 25 (nil) does not define feature smcp for script latn
 with language dflt
luaotfload | aux : font no 25 (nil) does not define feature smcp for script dflt
 with language dflt
luaotfload | aux : font no 25 (nil) does not define feature smcp for script latn
 with language dflt
luaotfload | aux : font no 25 (nil) does not define feature smcp for script latn
 with language dflt
luaotfload | aux : font no 25 (nil) does not define feature smcp for script dflt
 with language dflt
luaotfload | aux : font no 26 (nil) does not define feature smcp for script latn
 with language dflt
luaotfload | aux : font no 26 (nil) does not define feature smcp for script latn
 with language dflt
luaotfload | aux : font no 26 (nil) does not define feature smcp for script dflt
 with language dflt
luaotfload | aux : font no 26 (nil) does not define feature smcp for script latn
 with language dflt
luaotfload | aux : font no 26 (nil) does not define feature smcp for script latn
 with language dflt
luaotfload | aux : font no 26 (nil) does not define feature smcp for script dflt
 with language dflt

Package fontspec Info: 
(fontspec)             Font family 'Arial(0)' created for font 'Arial' with
(fontspec)             options [Ligatures=TeX].
(fontspec)              
(fontspec)              This font family consists of the following NFSS
(fontspec)             series/shapes:
(fontspec)              
(fontspec)             - 'normal' (m/n) with NFSS spec.:
(fontspec)             <->"name:Arial:mode=node;script=latn;language=dflt;+tlig
;"
(fontspec)             - 'small caps'  (m/sc) with NFSS spec.:
(fontspec)             <->"name:Arial:mode=node;script=latn;language=dflt;+tlig
;+smcp;"
(fontspec)             - 'bold' (b/n) with NFSS spec.:
(fontspec)             <->"name:Arial/B:mode=node;script=latn;language=dflt;+tl
ig;"
(fontspec)             - 'bold small caps'  (b/sc) with NFSS spec.:
(fontspec)             <->"name:Arial/B:mode=node;script=latn;language=dflt;+tl
ig;+smcp;"
(fontspec)             - 'italic' (m/it) with NFSS spec.:
(fontspec)             <->"name:Arial/I:mode=node;script=latn;language=dflt;+tl
ig;"
(fontspec)             - 'bold italic' (b/it) with NFSS spec.:
(fontspec)             <->"name:Arial/BI:mode=node;script=latn;language=dflt;+t
lig;"


(C:/temp/MikTex/tex/latex/caption/caption.sty
Package: caption 2023/08/05 v3.6o Customizing captions (AR)

(C:/temp/MikTex/tex/latex/caption/caption3.sty
Package: caption3 2023/07/31 v2.4d caption3 kernel (AR)
\caption@tempdima=\dimen161
\captionmargin=\dimen162
\caption@leftmargin=\dimen163
\caption@rightmargin=\dimen164
\caption@width=\dimen165
\caption@indent=\dimen166
\caption@parindent=\dimen167
\caption@hangindent=\dimen168
Package caption Info: Standard document class detected.
)
\c@caption@flags=\count299
\c@continuedfloat=\count300
Package caption Info: hyperref package is loaded.
)
(C:/temp/MikTex/tex/latex/float/float.sty
Package: float 2001/11/08 v1.3d Float enhancements (AL)
\c@float@type=\count301
\float@exts=\toks24
\float@box=\box55
\@float@everytoks=\toks25
\@floatcapt=\box56
)
(C:/temp/MikTex/tex/latex/parskip/parskip.sty
Package: parskip 2021-03-14 v2.0h non-zero parskip adjustments
)
(C:/temp/MikTex/tex/latex/amsmath/amsmath.sty
Package: amsmath 2024/05/23 v2.17q AMS math features
\@mathmargin=\skip66

For additional information on amsmath, use the `?' option.
(C:/temp/MikTex/tex/latex/amsmath/amstext.sty
Package: amstext 2021/08/26 v2.01 AMS text

(C:/temp/MikTex/tex/latex/amsmath/amsgen.sty
File: amsgen.sty 1999/11/30 v2.0 generic functions
\@emptytoks=\toks26
\ex@=\dimen169
))
(C:/temp/MikTex/tex/latex/amsmath/amsbsy.sty
Package: amsbsy 1999/11/29 v1.2d Bold Symbols
\pmbraise@=\dimen170
)
(C:/temp/MikTex/tex/latex/amsmath/amsopn.sty
Package: amsopn 2022/04/08 v2.04 operator names
)
\inf@bad=\count302
LaTeX Info: Redefining \frac on input line 235.
\uproot@=\count303
\leftroot@=\count304
LaTeX Info: Redefining \overline on input line 398.
LaTeX Info: Redefining \colon on input line 409.
\classnum@=\count305
\DOTSCASE@=\count306
LaTeX Info: Redefining \ldots on input line 495.
LaTeX Info: Redefining \dots on input line 498.
LaTeX Info: Redefining \cdots on input line 619.
\Mathstrutbox@=\box57
\strutbox@=\box58
LaTeX Info: Redefining \big on input line 721.
LaTeX Info: Redefining \Big on input line 722.
LaTeX Info: Redefining \bigg on input line 723.
LaTeX Info: Redefining \Bigg on input line 724.
\big@size=\dimen171
LaTeX Font Info:    Redeclaring font encoding OML on input line 742.
LaTeX Font Info:    Redeclaring font encoding OMS on input line 743.
\macc@depth=\count307
LaTeX Info: Redefining \bmod on input line 904.
LaTeX Info: Redefining \pmod on input line 909.
LaTeX Info: Redefining \smash on input line 939.
LaTeX Info: Redefining \relbar on input line 969.
LaTeX Info: Redefining \Relbar on input line 970.
\c@MaxMatrixCols=\count308
\dotsspace@=\muskip18
\c@parentequation=\count309
\dspbrk@lvl=\count310
\tag@help=\toks27
\row@=\count311
\column@=\count312
\maxfields@=\count313
\andhelp@=\toks28
\eqnshift@=\dimen172
\alignsep@=\dimen173
\tagshift@=\dimen174
\tagwidth@=\dimen175
\totwidth@=\dimen176
\lineht@=\dimen177
\@envbody=\toks29
\multlinegap=\skip67
\multlinetaggap=\skip68
\mathdisplay@stack=\toks30
LaTeX Info: Redefining \[ on input line 2953.
LaTeX Info: Redefining \] on input line 2954.
)

Package fancyhdr Warning: \fancyhead's `E' option without twoside option is use
less.
(fancyhdr)                Please consider using the `twoside' option on input l
ine 26.


Package fancyhdr Warning: \fancyhead's `E' option without twoside option is use
less.
(fancyhdr)                Please consider using the `twoside' option on input l
ine 26.


Package fancyhdr Warning: \fancyhead's `E' option without twoside option is use
less.
(fancyhdr)                Please consider using the `twoside' option on input l
ine 26.


Package fancyhdr Warning: \fancyfoot's `E' option without twoside option is use
less.
(fancyhdr)                Please consider using the `twoside' option on input l
ine 113.


Package fancyhdr Warning: \fancyfoot's `E' option without twoside option is use
less.
(fancyhdr)                Please consider using the `twoside' option on input l
ine 113.


Package fancyhdr Warning: \fancyfoot's `E' option without twoside option is use
less.
(fancyhdr)                Please consider using the `twoside' option on input l
ine 113.

No file main.aux.

\openout1 = main.aux
LaTeX Font Info:    Checking defaults for OML/cmm/m/it on input line 163.
LaTeX Font Info:    ... okay on input line 163.
LaTeX Font Info:    Checking defaults for OMS/cmsy/m/n on input line 163.
LaTeX Font Info:    ... okay on input line 163.
LaTeX Font Info:    Checking defaults for OT1/cmr/m/n on input line 163.
LaTeX Font Info:    ... okay on input line 163.
LaTeX Font Info:    Checking defaults for T1/cmr/m/n on input line 163.
LaTeX Font Info:    ... okay on input line 163.
LaTeX Font Info:    Checking defaults for TS1/cmr/m/n on input line 163.
LaTeX Font Info:    Trying to load font information for TS1+cmr on input line 1
63.
(C:/temp/MikTex/tex/latex/base/ts1cmr.fd
File: ts1cmr.fd 2023/04/13 v2.5m Standard LaTeX font definitions
)
LaTeX Font Info:    ... okay on input line 163.
LaTeX Font Info:    Checking defaults for TU/lmr/m/n on input line 163.
LaTeX Font Info:    ... okay on input line 163.
LaTeX Font Info:    Checking defaults for OMX/cmex/m/n on input line 163.
LaTeX Font Info:    ... okay on input line 163.
LaTeX Font Info:    Checking defaults for U/cmr/m/n on input line 163.
LaTeX Font Info:    ... okay on input line 163.
LaTeX Font Info:    Checking defaults for PD1/pdf/m/n on input line 163.
LaTeX Font Info:    ... okay on input line 163.
LaTeX Font Info:    Checking defaults for PU/pdf/m/n on input line 163.
LaTeX Font Info:    ... okay on input line 163.
Package hyperref Info: Link coloring OFF on input line 163.
\@outlinefile=\write3

\openout3 = main.out

*geometry* driver: auto-detecting
*geometry* detected driver: luatex
*geometry* verbose mode - [ preamble ] result:
* driver: luatex
* paper: a4paper
* layout: <same size as paper>
* layoutoffset:(h,v)=(0.0pt,0.0pt)
* modes: 
* h-part:(L,W,R)=(56.9055pt, 483.69687pt, 56.9055pt)
* v-part:(T,H,B)=(113.81102pt, 629.82918pt, 101.40665pt)
* \paperwidth=597.50787pt
* \paperheight=845.04684pt
* \textwidth=483.69687pt
* \textheight=629.82918pt
* \oddsidemargin=-15.36449pt
* \evensidemargin=-15.36449pt
* \topmargin=-48.45897pt
* \headheight=65.0pt
* \headsep=25.0pt
* \topskip=10.0pt
* \footskip=65.0pt
* \marginparwidth=57.0pt
* \marginparsep=11.0pt
* \columnsep=10.0pt
* \skip\footins=9.0pt plus 4.0pt minus 2.0pt
* \hoffset=0.0pt
* \voffset=0.0pt
* \mag=1000
* \@twocolumnfalse
* \@twosidefalse
* \@mparswitchfalse
* \@reversemarginfalse
* (1in=72.27pt=25.4mm, 1cm=28.453pt)

(C:/temp/MikTex/tex/context/base/mkii/supp-pdf.mkii
[Loading MPS to PDF converter (version 2006.09.02).]
\scratchcounter=\count314
\scratchdimen=\dimen178
\scratchbox=\box59
\nofMPsegments=\count315
\nofMParguments=\count316
\everyMPshowfont=\toks31
\MPscratchCnt=\count317
\MPscratchDim=\dimen179
\MPnumerator=\count318
\makeMPintoPDFobject=\count319
\everyMPtoPDFconversion=\toks32
) (C:/temp/MikTex/tex/latex/epstopdf-pkg/epstopdf-base.sty
Package: epstopdf-base 2020-01-24 v2.11 Base part for package epstopdf

(C:/temp/MikTex/tex/latex/grfext/grfext.sty
Package: grfext 2019/12/03 v1.3 Manage graphics extensions (HO)
)
Package epstopdf-base Info: Redefining graphics rule for `.eps' on input line 4
85.
Package grfext Info: Graphics extension search list:
(grfext)             [.pdf,.png,.jpg,.mps,.jpeg,.jbig2,.jb2,.PDF,.PNG,.JPG,.JPE
G,.JBIG2,.JB2,.eps]
(grfext)             \AppendGraphicsExtensions on input line 504.

(C:/temp/MikTex/tex/latex/00miktex/epstopdf-sys.cfg
File: epstopdf-sys.cfg 2021/03/18 v2.0 Configuration of epstopdf for MiKTeX
))

Package fontspec Info: 
(fontspec)             Adjusting the maths setup (use [no-math] to avoid
(fontspec)             this).

\symlegacymaths=\mathgroup4
LaTeX Font Info:    Overwriting symbol font `legacymaths' in version `bold'
(Font)                  OT1/cmr/m/n --> OT1/cmr/bx/n on input line 163.
LaTeX Font Info:    Redeclaring math accent \acute on input line 163.
LaTeX Font Info:    Redeclaring math accent \grave on input line 163.
LaTeX Font Info:    Redeclaring math accent \ddot on input line 163.
LaTeX Font Info:    Redeclaring math accent \tilde on input line 163.
LaTeX Font Info:    Redeclaring math accent \bar on input line 163.
LaTeX Font Info:    Redeclaring math accent \breve on input line 163.
LaTeX Font Info:    Redeclaring math accent \check on input line 163.
LaTeX Font Info:    Redeclaring math accent \hat on input line 163.
LaTeX Font Info:    Redeclaring math accent \dot on input line 163.
LaTeX Font Info:    Redeclaring math accent \mathring on input line 163.
LaTeX Font Info:    Redeclaring math symbol \Gamma on input line 163.
LaTeX Font Info:    Redeclaring math symbol \Delta on input line 163.
LaTeX Font Info:    Redeclaring math symbol \Theta on input line 163.
LaTeX Font Info:    Redeclaring math symbol \Lambda on input line 163.
LaTeX Font Info:    Redeclaring math symbol \Xi on input line 163.
LaTeX Font Info:    Redeclaring math symbol \Pi on input line 163.
LaTeX Font Info:    Redeclaring math symbol \Sigma on input line 163.
LaTeX Font Info:    Redeclaring math symbol \Upsilon on input line 163.
LaTeX Font Info:    Redeclaring math symbol \Phi on input line 163.
LaTeX Font Info:    Redeclaring math symbol \Psi on input line 163.
LaTeX Font Info:    Redeclaring math symbol \Omega on input line 163.
LaTeX Font Info:    Redeclaring math symbol \mathdollar on input line 163.
LaTeX Font Info:    Redeclaring symbol font `operators' on input line 163.
LaTeX Font Info:    Encoding `OT1' has changed to `TU' for symbol font
(Font)              `operators' in the math version `normal' on input line 163.

LaTeX Font Info:    Overwriting symbol font `operators' in version `normal'
(Font)                  OT1/cmr/m/n --> TU/Arial(0)/m/n on input line 163.
LaTeX Font Info:    Encoding `OT1' has changed to `TU' for symbol font
(Font)              `operators' in the math version `bold' on input line 163.
LaTeX Font Info:    Overwriting symbol font `operators' in version `bold'
(Font)                  OT1/cmr/bx/n --> TU/Arial(0)/m/n on input line 163.
LaTeX Font Info:    Overwriting symbol font `operators' in version `normal'
(Font)                  TU/Arial(0)/m/n --> TU/Arial(0)/m/n on input line 163.
LaTeX Font Info:    Overwriting math alphabet `\mathit' in version `normal'
(Font)                  OT1/cmr/m/it --> TU/Arial(0)/m/it on input line 163.
LaTeX Font Info:    Overwriting math alphabet `\mathbf' in version `normal'
(Font)                  OT1/cmr/bx/n --> TU/Arial(0)/b/n on input line 163.
LaTeX Font Info:    Overwriting math alphabet `\mathsf' in version `normal'
(Font)                  OT1/cmss/m/n --> TU/lmss/m/n on input line 163.
LaTeX Font Info:    Overwriting math alphabet `\mathtt' in version `normal'
(Font)                  OT1/cmtt/m/n --> TU/lmtt/m/n on input line 163.
LaTeX Font Info:    Overwriting symbol font `operators' in version `bold'
(Font)                  TU/Arial(0)/m/n --> TU/Arial(0)/b/n on input line 163.
LaTeX Font Info:    Overwriting math alphabet `\mathit' in version `bold'
(Font)                  OT1/cmr/bx/it --> TU/Arial(0)/b/it on input line 163.
LaTeX Font Info:    Overwriting math alphabet `\mathsf' in version `bold'
(Font)                  OT1/cmss/bx/n --> TU/lmss/b/n on input line 163.
LaTeX Font Info:    Overwriting math alphabet `\mathtt' in version `bold'
(Font)                  OT1/cmtt/m/n --> TU/lmtt/b/n on input line 163.
Package caption Info: Begin \AtBeginDocument code.
Package caption Info: float package is loaded.
Package caption Info: End \AtBeginDocument code.

\openout2 = titlepage.aux
 (./titlepage.tex

LaTeX Warning: No positions in optional float specifier.
               Default added (so using `tbp') on input line 4.

<JBO_logo.jpg, id=3, 177.66376pt x 58.2175pt>
File: JBO_logo.jpg Graphic file (type jpg)
<use JBO_logo.jpg>
Package luatex.def Info: JBO_logo.jpg  used on input line 15.
(luatex.def)             Requested size: 213.39566pt x 69.92815pt.

Overfull \hbox (1.60341pt too wide) in paragraph at lines 49--56
[]|[]| 
 []


LaTeX Warning: Reference `LastPage' on page 1 undefined on input line 99.


Overfull \hbox (19.72076pt too wide) in paragraph at lines 5--127
[][] 
 []


! LaTeX Error: File `__REPLACEMENT_PLACEHOLDER_12__' not found.

See the LaTeX manual or LaTeX Companion for explanation.
Type  H <return>  for immediate help.
 ...                                              
                                                  
l.132 ...\textwidth]{__REPLACEMENT_PLACEHOLDER_12__}
                                                   \\% Replace with actual i...
? 

Underfull \hbox (badness 10000) in paragraph at lines 139--144

 []


Overfull \hbox (104.2823pt too wide) in paragraph at lines 135--145
[]  $[]$ 
 []

)

! Extra alignment tab has been changed to \cr.
<recently read> \endtemplate 
             
l.164 \include{titlepage}
                       
? 
[1{C:/Users/aaron.lange/AppData/Local/MiKTeX/fonts/map/pdftex/pdftex.map}


<./JBO_logo.jpg>]
\openout2 = introduction.aux
 (./introduction.tex
Underfull \hbox (badness 10000) in paragraph at lines 3--8

 []

)

File: JBO_logo.jpg Graphic file (type jpg)
<use JBO_logo.jpg>
Package luatex.def Info: JBO_logo.jpg  used on input line 167.
(luatex.def)             Requested size: 93.89418pt x 30.76807pt.

Overfull \vbox (10.27916pt too high) has occurred while \output is active []


Overfull \hbox (1.84012pt too wide) has occurred while \output is active
[]|[]| 
 []


Overfull \hbox (2.4457pt too wide) has occurred while \output is active
 []|[]| 
 []

! Extra alignment tab has been changed to \cr.
<template> ...Grey}\vrule width\arrayrulewidth }\endtemplate 
                                                  
l.167 \include{introduction}
                          
? 

Overfull \hbox (5.49438pt too wide) has occurred while \output is active
 [] 
 []


Package fancyhdr Warning: \headheight is too small (65.0pt): 
(fancyhdr)                Make it at least 79.32877pt, for example:
(fancyhdr)                \setlength{\headheight}{79.32877pt}.
(fancyhdr)                You might also make \topmargin smaller to compensate:

(fancyhdr)                \addtolength{\topmargin}{-14.32877pt}.


LaTeX Warning: Reference `LastPage' on page 2 undefined on input line 167.

[2



]
\openout2 = DataBasis.aux
 (./DataBasis.tex
<C:/Users/aaron.lange/Desktop/Projekte/Hindcast_Tool/HindTool/example_output/Da
taSorce_global_page_1.png, id=21, 483.63084pt x 139.33656pt>
File: C:/Users/aaron.lange/Desktop/Projekte/Hindcast_Tool/HindTool/example_outp
ut/DataSorce_global_page_1.png Graphic file (type png)
<use C:/Users/aaron.lange/Desktop/Projekte/Hindcast_Tool/HindTool/example_outpu
t/DataSorce_global_page_1.png>
Package luatex.def Info: C:/Users/aaron.lange/Desktop/Projekte/Hindcast_Tool/Hi
ndTool/example_output/DataSorce_global_page_1.png  used on input line 6.
(luatex.def)             Requested size: 483.69687pt x 139.35535pt.
<C:/Users/aaron.lange/Desktop/Projekte/Hindcast_Tool/HindTool/example_output/Da
taSorce_Currents_page_1.png, id=22, 483.63084pt x 179.2296pt>
File: C:/Users/aaron.lange/Desktop/Projekte/Hindcast_Tool/HindTool/example_outp
ut/DataSorce_Currents_page_1.png Graphic file (type png)
<use C:/Users/aaron.lange/Desktop/Projekte/Hindcast_Tool/HindTool/example_outpu
t/DataSorce_Currents_page_1.png>
Package luatex.def Info: C:/Users/aaron.lange/Desktop/Projekte/Hindcast_Tool/Hi
ndTool/example_output/DataSorce_Currents_page_1.png  used on input line 18.
(luatex.def)             Requested size: 483.69687pt x 179.25375pt.
<C:/Users/aaron.lange/Desktop/Projekte/Hindcast_Tool/HindTool/example_output/Da
taSorce_Levels_page_1.png, id=23, 483.63084pt x 179.2296pt>
File: C:/Users/aaron.lange/Desktop/Projekte/Hindcast_Tool/HindTool/example_outp
ut/DataSorce_Levels_page_1.png Graphic file (type png)
<use C:/Users/aaron.lange/Desktop/Projekte/Hindcast_Tool/HindTool/example_outpu
t/DataSorce_Levels_page_1.png>
Package luatex.def Info: C:/Users/aaron.lange/Desktop/Projekte/Hindcast_Tool/Hi
ndTool/example_output/DataSorce_Levels_page_1.png  used on input line 25.
(luatex.def)             Requested size: 483.69687pt x 179.25375pt.
<C:/Users/aaron.lange/Desktop/Projekte/Hindcast_Tool/HindTool/example_output/Da
taSorce_Waves_page_1.png, id=24, 483.63084pt x 179.2296pt>
File: C:/Users/aaron.lange/Desktop/Projekte/Hindcast_Tool/HindTool/example_outp
ut/DataSorce_Waves_page_1.png Graphic file (type png)
<use C:/Users/aaron.lange/Desktop/Projekte/Hindcast_Tool/HindTool/example_outpu
t/DataSorce_Waves_page_1.png>
Package luatex.def Info: C:/Users/aaron.lange/Desktop/Projekte/Hindcast_Tool/Hi
ndTool/example_output/DataSorce_Waves_page_1.png  used on input line 32.
(luatex.def)             Requested size: 483.69687pt x 179.25375pt.


File: JBO_logo.jpg Graphic file (type jpg)
<use JBO_logo.jpg>
Package luatex.def Info: JBO_logo.jpg  used on input line 36.
(luatex.def)             Requested size: 93.89418pt x 30.76807pt.

Overfull \vbox (10.27916pt too high) has occurred while \output is active []


Overfull \hbox (1.84012pt too wide) has occurred while \output is active
[]|[]| 
 []


Overfull \hbox (2.4457pt too wide) has occurred while \output is active
 []|[]| 
 []

! Extra alignment tab has been changed to \cr.
<template> ...Grey}\vrule width\arrayrulewidth }\endtemplate 
                                                  
l.36 \end{figure}
               
? 

Overfull \hbox (5.49438pt too wide) has occurred while \output is active
 [] 
 []


Package fancyhdr Warning: \headheight is too small (65.0pt): 
(fancyhdr)                Make it at least 79.32877pt, for example:
(fancyhdr)                \setlength{\headheight}{79.32877pt}.
(fancyhdr)                You might also make \topmargin smaller to compensate:

(fancyhdr)                \addtolength{\topmargin}{-14.32877pt}.


LaTeX Warning: Reference `LastPage' on page 3 undefined on input line 36.

[3



<C:/Users/aaron.lange/Desktop/Projekte/Hindcast_Tool/HindTool/example_output/Dat
aSorce_global_page_1.png><C:/Users/aaron.lange/Desktop/Projekte/Hindcast_Tool/Hi
ndTool/example_output/DataSorce_Currents_page_1.png>]
<C:/Users/aaron.lange/Desktop/Projekte/Hindcast_Tool/HindTool/example_output/Da
taSorce_Winds_page_1.png, id=37, 483.63084pt x 179.2296pt>
File: C:/Users/aaron.lange/Desktop/Projekte/Hindcast_Tool/HindTool/example_outp
ut/DataSorce_Winds_page_1.png Graphic file (type png)
<use C:/Users/aaron.lange/Desktop/Projekte/Hindcast_Tool/HindTool/example_outpu
t/DataSorce_Winds_page_1.png>
Package luatex.def Info: C:/Users/aaron.lange/Desktop/Projekte/Hindcast_Tool/Hi
ndTool/example_output/DataSorce_Winds_page_1.png  used on input line 39.
(luatex.def)             Requested size: 483.69687pt x 179.25375pt.


File: JBO_logo.jpg Graphic file (type jpg)
<use JBO_logo.jpg>
Package luatex.def Info: JBO_logo.jpg  used on input line 44.
(luatex.def)             Requested size: 93.89418pt x 30.76807pt.

Overfull \vbox (10.27916pt too high) has occurred while \output is active []


Overfull \hbox (1.84012pt too wide) has occurred while \output is active
[]|[]| 
 []


Overfull \hbox (2.4457pt too wide) has occurred while \output is active
 []|[]| 
 []

! Extra alignment tab has been changed to \cr.
<template> ...Grey}\vrule width\arrayrulewidth }\endtemplate 
                                                  
l.44 
   
? 

Overfull \hbox (5.49438pt too wide) has occurred while \output is active
 [] 
 []


Package fancyhdr Warning: \headheight is too small (65.0pt): 
(fancyhdr)                Make it at least 79.32877pt, for example:
(fancyhdr)                \setlength{\headheight}{79.32877pt}.
(fancyhdr)                You might also make \topmargin smaller to compensate:

(fancyhdr)                \addtolength{\topmargin}{-14.32877pt}.


LaTeX Warning: Reference `LastPage' on page 4 undefined on input line 44.

[4<C:/Users/aaron.lange/Desktop/Projekte/Hindcast_Tool/HindTool/example_output/D
ataSorce_Levels_page_1.png><C:/Users/aaron.lange/Desktop/Projekte/Hindcast_Tool/
HindTool/example_output/DataSorce_Waves_page_1.png>]
<C:/Users/aaron.lange/Desktop/Projekte/Hindcast_Tool/HindTool/example_output/Da
taSorce_ResamplingTable_page_1.png, id=48, 483.63084pt x 99.44353pt>
File: C:/Users/aaron.lange/Desktop/Projekte/Hindcast_Tool/HindTool/example_outp
ut/DataSorce_ResamplingTable_page_1.png Graphic file (type png)
<use C:/Users/aaron.lange/Desktop/Projekte/Hindcast_Tool/HindTool/example_outpu
t/DataSorce_ResamplingTable_page_1.png>
Package luatex.def Info: C:/Users/aaron.lange/Desktop/Projekte/Hindcast_Tool/Hi
ndTool/example_output/DataSorce_ResamplingTable_page_1.png  used on input line 
52.
(luatex.def)             Requested size: 483.69687pt x 99.45691pt.
)

File: JBO_logo.jpg Graphic file (type jpg)
<use JBO_logo.jpg>
Package luatex.def Info: JBO_logo.jpg  used on input line 168.
(luatex.def)             Requested size: 93.89418pt x 30.76807pt.

Overfull \vbox (10.27916pt too high) has occurred while \output is active []


Overfull \hbox (1.84012pt too wide) has occurred while \output is active
[]|[]| 
 []


Overfull \hbox (2.4457pt too wide) has occurred while \output is active
 []|[]| 
 []

! Extra alignment tab has been changed to \cr.
<template> ...Grey}\vrule width\arrayrulewidth }\endtemplate 
                                                  
l.168 \include{DataBasis}
                       
? 

Overfull \hbox (5.49438pt too wide) has occurred while \output is active
 [] 
 []


Package fancyhdr Warning: \headheight is too small (65.0pt): 
(fancyhdr)                Make it at least 79.32877pt, for example:
(fancyhdr)                \setlength{\headheight}{79.32877pt}.
(fancyhdr)                You might also make \topmargin smaller to compensate:

(fancyhdr)                \addtolength{\topmargin}{-14.32877pt}.


LaTeX Warning: Reference `LastPage' on page 5 undefined on input line 168.

[5<C:/Users/aaron.lange/Desktop/Projekte/Hindcast_Tool/HindTool/example_output/D
ataSorce_Winds_page_1.png><C:/Users/aaron.lange/Desktop/Projekte/Hindcast_Tool/H
indTool/example_output/DataSorce_ResamplingTable_page_1.png>]
\openout2 = GeneralTheorie.aux

No file GeneralTheorie.tex.

\openout2 = SensorAnalysis.aux
(./SensorAnalysis.tex
<C:/Users/aaron.lange/Desktop/Projekte/Hindcast_Tool/HindTool/example_output/Se
nsor_names_page_1.png, id=61, 483.63084pt x 398.2077pt>
File: C:/Users/aaron.lange/Desktop/Projekte/Hindcast_Tool/HindTool/example_outp
ut/Sensor_names_page_1.png Graphic file (type png)
<use C:/Users/aaron.lange/Desktop/Projekte/Hindcast_Tool/HindTool/example_outpu
t/Sensor_names_page_1.png>
Package luatex.def Info: C:/Users/aaron.lange/Desktop/Projekte/Hindcast_Tool/Hi
ndTool/example_output/Sensor_names_page_1.png  used on input line 10.
(luatex.def)             Requested size: 483.69687pt x 398.2614pt.


File: JBO_logo.jpg Graphic file (type jpg)
<use JBO_logo.jpg>
Package luatex.def Info: JBO_logo.jpg  used on input line 16.
(luatex.def)             Requested size: 93.89418pt x 30.76807pt.

Overfull \vbox (10.27916pt too high) has occurred while \output is active []


Overfull \hbox (1.84012pt too wide) has occurred while \output is active
[]|[]| 
 []


Overfull \hbox (2.4457pt too wide) has occurred while \output is active
 []|[]| 
 []

! Extra alignment tab has been changed to \cr.
<template> ...Grey}\vrule width\arrayrulewidth }\endtemplate 
                                                  
l.16 \clearpage
             
? 

Overfull \hbox (5.49438pt too wide) has occurred while \output is active
 [] 
 []


Package fancyhdr Warning: \headheight is too small (65.0pt): 
(fancyhdr)                Make it at least 79.32877pt, for example:
(fancyhdr)                \setlength{\headheight}{79.32877pt}.
(fancyhdr)                You might also make \topmargin smaller to compensate:

(fancyhdr)                \addtolength{\topmargin}{-14.32877pt}.


LaTeX Warning: Reference `LastPage' on page 6 undefined on input line 16.

[6






<C:/Users/aaron.lange/Desktop/Projekte/Hindcast_Tool/HindTool/example_output/Sen
sor_names_page_1.png>]
<C:/Users/aaron.lange/Desktop/Projekte/Hindcast_Tool/HindTool/example_output/Se
nsorEval_v_m_page_1.png, id=71, 483.63084pt x 250.34328pt>
File: C:/Users/aaron.lange/Desktop/Projekte/Hindcast_Tool/HindTool/example_outp
ut/SensorEval_v_m_page_1.png Graphic file (type png)
<use C:/Users/aaron.lange/Desktop/Projekte/Hindcast_Tool/HindTool/example_outpu
t/SensorEval_v_m_page_1.png>
Package luatex.def Info: C:/Users/aaron.lange/Desktop/Projekte/Hindcast_Tool/Hi
ndTool/example_output/SensorEval_v_m_page_1.png  used on input line 23.
(luatex.def)             Requested size: 483.69687pt x 250.37703pt.


File: JBO_logo.jpg Graphic file (type jpg)
<use JBO_logo.jpg>
Package luatex.def Info: JBO_logo.jpg  used on input line 27.
(luatex.def)             Requested size: 93.89418pt x 30.76807pt.

Overfull \vbox (10.27916pt too high) has occurred while \output is active []


Overfull \hbox (1.84012pt too wide) has occurred while \output is active
[]|[]| 
 []


Overfull \hbox (2.4457pt too wide) has occurred while \output is active
 []|[]| 
 []

! Extra alignment tab has been changed to \cr.
<template> ...Grey}\vrule width\arrayrulewidth }\endtemplate 
                                                  
l.27  \clearpage
              
? 

Overfull \hbox (5.49438pt too wide) has occurred while \output is active
 [] 
 []


Package fancyhdr Warning: \headheight is too small (65.0pt): 
(fancyhdr)                Make it at least 79.32877pt, for example:
(fancyhdr)                \setlength{\headheight}{79.32877pt}.
(fancyhdr)                You might also make \topmargin smaller to compensate:

(fancyhdr)                \addtolength{\topmargin}{-14.32877pt}.


LaTeX Warning: Reference `LastPage' on page 7 undefined on input line 27.

[7

<C:/Users/aaron.lange/Desktop/Projekte/Hindcast_Tool/HindTool/example_output/Sen
sorEval_v_m_page_1.png>]
<C:/Users/aaron.lange/Desktop/Projekte/Hindcast_Tool/HindTool/example_output/Se
nsorEval_H_s_page_1.png, id=80, 483.63084pt x 250.34328pt>
File: C:/Users/aaron.lange/Desktop/Projekte/Hindcast_Tool/HindTool/example_outp
ut/SensorEval_H_s_page_1.png Graphic file (type png)
<use C:/Users/aaron.lange/Desktop/Projekte/Hindcast_Tool/HindTool/example_outpu
t/SensorEval_H_s_page_1.png>
Package luatex.def Info: C:/Users/aaron.lange/Desktop/Projekte/Hindcast_Tool/Hi
ndTool/example_output/SensorEval_H_s_page_1.png  used on input line 31.
(luatex.def)             Requested size: 483.69687pt x 250.37703pt.


File: JBO_logo.jpg Graphic file (type jpg)
<use JBO_logo.jpg>
Package luatex.def Info: JBO_logo.jpg  used on input line 35.
(luatex.def)             Requested size: 93.89418pt x 30.76807pt.

Overfull \vbox (10.27916pt too high) has occurred while \output is active []


Overfull \hbox (1.84012pt too wide) has occurred while \output is active
[]|[]| 
 []


Overfull \hbox (2.4457pt too wide) has occurred while \output is active
 []|[]| 
 []

! Extra alignment tab has been changed to \cr.
<template> ...Grey}\vrule width\arrayrulewidth }\endtemplate 
                                                  
l.35  \clearpage
              
? 

Overfull \hbox (5.49438pt too wide) has occurred while \output is active
 [] 
 []


Package fancyhdr Warning: \headheight is too small (65.0pt): 
(fancyhdr)                Make it at least 79.32877pt, for example:
(fancyhdr)                \setlength{\headheight}{79.32877pt}.
(fancyhdr)                You might also make \topmargin smaller to compensate:

(fancyhdr)                \addtolength{\topmargin}{-14.32877pt}.


LaTeX Warning: Reference `LastPage' on page 8 undefined on input line 35.

[8

<C:/Users/aaron.lange/Desktop/Projekte/Hindcast_Tool/HindTool/example_output/Sen
sorEval_H_s_page_1.png>]
<C:/Users/aaron.lange/Desktop/Projekte/Hindcast_Tool/HindTool/example_output/Se
nsorEval_H_max_page_1.png, id=88, 483.63084pt x 250.34328pt>
File: C:/Users/aaron.lange/Desktop/Projekte/Hindcast_Tool/HindTool/example_outp
ut/SensorEval_H_max_page_1.png Graphic file (type png)
<use C:/Users/aaron.lange/Desktop/Projekte/Hindcast_Tool/HindTool/example_outpu
t/SensorEval_H_max_page_1.png>
Package luatex.def Info: C:/Users/aaron.lange/Desktop/Projekte/Hindcast_Tool/Hi
ndTool/example_output/SensorEval_H_max_page_1.png  used on input line 39.
(luatex.def)             Requested size: 483.69687pt x 250.37703pt.


File: JBO_logo.jpg Graphic file (type jpg)
<use JBO_logo.jpg>
Package luatex.def Info: JBO_logo.jpg  used on input line 43.
(luatex.def)             Requested size: 93.89418pt x 30.76807pt.

Overfull \vbox (10.27916pt too high) has occurred while \output is active []


Overfull \hbox (1.84012pt too wide) has occurred while \output is active
[]|[]| 
 []


Overfull \hbox (2.4457pt too wide) has occurred while \output is active
 []|[]| 
 []

! Extra alignment tab has been changed to \cr.
<template> ...Grey}\vrule width\arrayrulewidth }\endtemplate 
                                                  
l.43  \clearpage
              
? 

Overfull \hbox (5.49438pt too wide) has occurred while \output is active
 [] 
 []


Package fancyhdr Warning: \headheight is too small (65.0pt): 
(fancyhdr)                Make it at least 79.32877pt, for example:
(fancyhdr)                \setlength{\headheight}{79.32877pt}.
(fancyhdr)                You might also make \topmargin smaller to compensate:

(fancyhdr)                \addtolength{\topmargin}{-14.32877pt}.


LaTeX Warning: Reference `LastPage' on page 9 undefined on input line 43.

[9

<C:/Users/aaron.lange/Desktop/Projekte/Hindcast_Tool/HindTool/example_output/Sen
sorEval_H_max_page_1.png>]
<C:/Users/aaron.lange/Desktop/Projekte/Hindcast_Tool/HindTool/example_output/Se
nsorEval_T_p_page_1.png, id=96, 483.63084pt x 250.34328pt>
File: C:/Users/aaron.lange/Desktop/Projekte/Hindcast_Tool/HindTool/example_outp
ut/SensorEval_T_p_page_1.png Graphic file (type png)
<use C:/Users/aaron.lange/Desktop/Projekte/Hindcast_Tool/HindTool/example_outpu
t/SensorEval_T_p_page_1.png>
Package luatex.def Info: C:/Users/aaron.lange/Desktop/Projekte/Hindcast_Tool/Hi
ndTool/example_output/SensorEval_T_p_page_1.png  used on input line 47.
(luatex.def)             Requested size: 483.69687pt x 250.37703pt.


File: JBO_logo.jpg Graphic file (type jpg)
<use JBO_logo.jpg>
Package luatex.def Info: JBO_logo.jpg  used on input line 51.
(luatex.def)             Requested size: 93.89418pt x 30.76807pt.

Overfull \vbox (10.27916pt too high) has occurred while \output is active []


Overfull \hbox (1.84012pt too wide) has occurred while \output is active
[]|[]| 
 []


Overfull \hbox (2.4457pt too wide) has occurred while \output is active
 []|[]| 
 []

! Extra alignment tab has been changed to \cr.
<template> ...Grey}\vrule width\arrayrulewidth }\endtemplate 
                                                  
l.51  \clearpage
              
? 

Overfull \hbox (5.49438pt too wide) has occurred while \output is active
 [] 
 []


Package fancyhdr Warning: \headheight is too small (65.0pt): 
(fancyhdr)                Make it at least 79.32877pt, for example:
(fancyhdr)                \setlength{\headheight}{79.32877pt}.
(fancyhdr)                You might also make \topmargin smaller to compensate:

(fancyhdr)                \addtolength{\topmargin}{-14.32877pt}.


LaTeX Warning: Reference `LastPage' on page 10 undefined on input line 51.

[10

<C:/Users/aaron.lange/Desktop/Projekte/Hindcast_Tool/HindTool/example_output/Sen
sorEval_T_p_page_1.png>]
<C:/Users/aaron.lange/Desktop/Projekte/Hindcast_Tool/HindTool/example_output/Se
nsorEval_H_s_wind_page_1.png, id=104, 483.63084pt x 250.34328pt>
File: C:/Users/aaron.lange/Desktop/Projekte/Hindcast_Tool/HindTool/example_outp
ut/SensorEval_H_s_wind_page_1.png Graphic file (type png)
<use C:/Users/aaron.lange/Desktop/Projekte/Hindcast_Tool/HindTool/example_outpu
t/SensorEval_H_s_wind_page_1.png>
Package luatex.def Info: C:/Users/aaron.lange/Desktop/Projekte/Hindcast_Tool/Hi
ndTool/example_output/SensorEval_H_s_wind_page_1.png  used on input line 55.
(luatex.def)             Requested size: 483.69687pt x 250.37703pt.


File: JBO_logo.jpg Graphic file (type jpg)
<use JBO_logo.jpg>
Package luatex.def Info: JBO_logo.jpg  used on input line 59.
(luatex.def)             Requested size: 93.89418pt x 30.76807pt.

Overfull \vbox (10.27916pt too high) has occurred while \output is active []


Overfull \hbox (1.84012pt too wide) has occurred while \output is active
[]|[]| 
 []


Overfull \hbox (2.4457pt too wide) has occurred while \output is active
 []|[]| 
 []

! Extra alignment tab has been changed to \cr.
<template> ...Grey}\vrule width\arrayrulewidth }\endtemplate 
                                                  
l.59  \clearpage
              
? 

Overfull \hbox (5.49438pt too wide) has occurred while \output is active
 [] 
 []


Package fancyhdr Warning: \headheight is too small (65.0pt): 
(fancyhdr)                Make it at least 79.32877pt, for example:
(fancyhdr)                \setlength{\headheight}{79.32877pt}.
(fancyhdr)                You might also make \topmargin smaller to compensate:

(fancyhdr)                \addtolength{\topmargin}{-14.32877pt}.


LaTeX Warning: Reference `LastPage' on page 11 undefined on input line 59.

[11

<C:/Users/aaron.lange/Desktop/Projekte/Hindcast_Tool/HindTool/example_output/Sen
sorEval_H_s_wind_page_1.png>]
<C:/Users/aaron.lange/Desktop/Projekte/Hindcast_Tool/HindTool/example_output/Se
nsorEval_T_p_wind_page_1.png, id=113, 483.63084pt x 250.34328pt>
File: C:/Users/aaron.lange/Desktop/Projekte/Hindcast_Tool/HindTool/example_outp
ut/SensorEval_T_p_wind_page_1.png Graphic file (type png)
<use C:/Users/aaron.lange/Desktop/Projekte/Hindcast_Tool/HindTool/example_outpu
t/SensorEval_T_p_wind_page_1.png>
Package luatex.def Info: C:/Users/aaron.lange/Desktop/Projekte/Hindcast_Tool/Hi
ndTool/example_output/SensorEval_T_p_wind_page_1.png  used on input line 63.
(luatex.def)             Requested size: 483.69687pt x 250.37703pt.


File: JBO_logo.jpg Graphic file (type jpg)
<use JBO_logo.jpg>
Package luatex.def Info: JBO_logo.jpg  used on input line 67.
(luatex.def)             Requested size: 93.89418pt x 30.76807pt.

Overfull \vbox (10.27916pt too high) has occurred while \output is active []


Overfull \hbox (1.84012pt too wide) has occurred while \output is active
[]|[]| 
 []


Overfull \hbox (2.4457pt too wide) has occurred while \output is active
 []|[]| 
 []

! Extra alignment tab has been changed to \cr.
<template> ...Grey}\vrule width\arrayrulewidth }\endtemplate 
                                                  
l.67  \clearpage
              
? 

Overfull \hbox (5.49438pt too wide) has occurred while \output is active
 [] 
 []


Package fancyhdr Warning: \headheight is too small (65.0pt): 
(fancyhdr)                Make it at least 79.32877pt, for example:
(fancyhdr)                \setlength{\headheight}{79.32877pt}.
(fancyhdr)                You might also make \topmargin smaller to compensate:

(fancyhdr)                \addtolength{\topmargin}{-14.32877pt}.


LaTeX Warning: Reference `LastPage' on page 12 undefined on input line 67.

[12

<C:/Users/aaron.lange/Desktop/Projekte/Hindcast_Tool/HindTool/example_output/Sen
sorEval_T_p_wind_page_1.png>]
<C:/Users/aaron.lange/Desktop/Projekte/Hindcast_Tool/HindTool/example_output/Se
nsorEval_H_s_swell_page_1.png, id=121, 483.63084pt x 250.34328pt>
File: C:/Users/aaron.lange/Desktop/Projekte/Hindcast_Tool/HindTool/example_outp
ut/SensorEval_H_s_swell_page_1.png Graphic file (type png)
<use C:/Users/aaron.lange/Desktop/Projekte/Hindcast_Tool/HindTool/example_outpu
t/SensorEval_H_s_swell_page_1.png>
Package luatex.def Info: C:/Users/aaron.lange/Desktop/Projekte/Hindcast_Tool/Hi
ndTool/example_output/SensorEval_H_s_swell_page_1.png  used on input line 71.
(luatex.def)             Requested size: 483.69687pt x 250.37703pt.


File: JBO_logo.jpg Graphic file (type jpg)
<use JBO_logo.jpg>
Package luatex.def Info: JBO_logo.jpg  used on input line 75.
(luatex.def)             Requested size: 93.89418pt x 30.76807pt.

Overfull \vbox (10.27916pt too high) has occurred while \output is active []


Overfull \hbox (1.84012pt too wide) has occurred while \output is active
[]|[]| 
 []


Overfull \hbox (2.4457pt too wide) has occurred while \output is active
 []|[]| 
 []

! Extra alignment tab has been changed to \cr.
<template> ...Grey}\vrule width\arrayrulewidth }\endtemplate 
                                                  
l.75  \clearpage
              
? 

Overfull \hbox (5.49438pt too wide) has occurred while \output is active
 [] 
 []


Package fancyhdr Warning: \headheight is too small (65.0pt): 
(fancyhdr)                Make it at least 79.32877pt, for example:
(fancyhdr)                \setlength{\headheight}{79.32877pt}.
(fancyhdr)                You might also make \topmargin smaller to compensate:

(fancyhdr)                \addtolength{\topmargin}{-14.32877pt}.


LaTeX Warning: Reference `LastPage' on page 13 undefined on input line 75.

[13

<C:/Users/aaron.lange/Desktop/Projekte/Hindcast_Tool/HindTool/example_output/Sen
sorEval_H_s_swell_page_1.png>]
<C:/Users/aaron.lange/Desktop/Projekte/Hindcast_Tool/HindTool/example_output/Se
nsorEval_T_p_swell_page_1.png, id=129, 483.63084pt x 250.34328pt>
File: C:/Users/aaron.lange/Desktop/Projekte/Hindcast_Tool/HindTool/example_outp
ut/SensorEval_T_p_swell_page_1.png Graphic file (type png)
<use C:/Users/aaron.lange/Desktop/Projekte/Hindcast_Tool/HindTool/example_outpu
t/SensorEval_T_p_swell_page_1.png>
Package luatex.def Info: C:/Users/aaron.lange/Desktop/Projekte/Hindcast_Tool/Hi
ndTool/example_output/SensorEval_T_p_swell_page_1.png  used on input line 79.
(luatex.def)             Requested size: 483.69687pt x 250.37703pt.


File: JBO_logo.jpg Graphic file (type jpg)
<use JBO_logo.jpg>
Package luatex.def Info: JBO_logo.jpg  used on input line 83.
(luatex.def)             Requested size: 93.89418pt x 30.76807pt.

Overfull \vbox (10.27916pt too high) has occurred while \output is active []


Overfull \hbox (1.84012pt too wide) has occurred while \output is active
[]|[]| 
 []


Overfull \hbox (2.4457pt too wide) has occurred while \output is active
 []|[]| 
 []

! Extra alignment tab has been changed to \cr.
<template> ...Grey}\vrule width\arrayrulewidth }\endtemplate 
                                                  
l.83  \clearpage
              
? 

Overfull \hbox (5.49438pt too wide) has occurred while \output is active
 [] 
 []


Package fancyhdr Warning: \headheight is too small (65.0pt): 
(fancyhdr)                Make it at least 79.32877pt, for example:
(fancyhdr)                \setlength{\headheight}{79.32877pt}.
(fancyhdr)                You might also make \topmargin smaller to compensate:

(fancyhdr)                \addtolength{\topmargin}{-14.32877pt}.


LaTeX Warning: Reference `LastPage' on page 14 undefined on input line 83.

[14

<C:/Users/aaron.lange/Desktop/Projekte/Hindcast_Tool/HindTool/example_output/Sen
sorEval_T_p_swell_page_1.png>]
<C:/Users/aaron.lange/Desktop/Projekte/Hindcast_Tool/HindTool/example_output/Se
nsorEval_WL_page_1.png, id=137, 483.63084pt x 250.34328pt>
File: C:/Users/aaron.lange/Desktop/Projekte/Hindcast_Tool/HindTool/example_outp
ut/SensorEval_WL_page_1.png Graphic file (type png)
<use C:/Users/aaron.lange/Desktop/Projekte/Hindcast_Tool/HindTool/example_outpu
t/SensorEval_WL_page_1.png>
Package luatex.def Info: C:/Users/aaron.lange/Desktop/Projekte/Hindcast_Tool/Hi
ndTool/example_output/SensorEval_WL_page_1.png  used on input line 87.
(luatex.def)             Requested size: 483.69687pt x 250.37703pt.


File: JBO_logo.jpg Graphic file (type jpg)
<use JBO_logo.jpg>
Package luatex.def Info: JBO_logo.jpg  used on input line 91.
(luatex.def)             Requested size: 93.89418pt x 30.76807pt.

Overfull \vbox (10.27916pt too high) has occurred while \output is active []


Overfull \hbox (1.84012pt too wide) has occurred while \output is active
[]|[]| 
 []


Overfull \hbox (2.4457pt too wide) has occurred while \output is active
 []|[]| 
 []

! Extra alignment tab has been changed to \cr.
<template> ...Grey}\vrule width\arrayrulewidth }\endtemplate 
                                                  
l.91  \clearpage
              
? 

Overfull \hbox (5.49438pt too wide) has occurred while \output is active
 [] 
 []


Package fancyhdr Warning: \headheight is too small (65.0pt): 
(fancyhdr)                Make it at least 79.32877pt, for example:
(fancyhdr)                \setlength{\headheight}{79.32877pt}.
(fancyhdr)                You might also make \topmargin smaller to compensate:

(fancyhdr)                \addtolength{\topmargin}{-14.32877pt}.


LaTeX Warning: Reference `LastPage' on page 15 undefined on input line 91.

[15

<C:/Users/aaron.lange/Desktop/Projekte/Hindcast_Tool/HindTool/example_output/Sen
sorEval_WL_page_1.png>]
<C:/Users/aaron.lange/Desktop/Projekte/Hindcast_Tool/HindTool/example_output/Se
nsorEval_WL_tide_page_1.png, id=145, 483.63084pt x 312.9291pt>
File: C:/Users/aaron.lange/Desktop/Projekte/Hindcast_Tool/HindTool/example_outp
ut/SensorEval_WL_tide_page_1.png Graphic file (type png)
<use C:/Users/aaron.lange/Desktop/Projekte/Hindcast_Tool/HindTool/example_outpu
t/SensorEval_WL_tide_page_1.png>
Package luatex.def Info: C:/Users/aaron.lange/Desktop/Projekte/Hindcast_Tool/Hi
ndTool/example_output/SensorEval_WL_tide_page_1.png  used on input line 95.
(luatex.def)             Requested size: 483.69687pt x 312.97128pt.


File: JBO_logo.jpg Graphic file (type jpg)
<use JBO_logo.jpg>
Package luatex.def Info: JBO_logo.jpg  used on input line 99.
(luatex.def)             Requested size: 93.89418pt x 30.76807pt.

Overfull \vbox (10.27916pt too high) has occurred while \output is active []


Overfull \hbox (1.84012pt too wide) has occurred while \output is active
[]|[]| 
 []


Overfull \hbox (2.4457pt too wide) has occurred while \output is active
 []|[]| 
 []

! Extra alignment tab has been changed to \cr.
<template> ...Grey}\vrule width\arrayrulewidth }\endtemplate 
                                                  
l.99  \clearpage
              
? 

Overfull \hbox (5.49438pt too wide) has occurred while \output is active
 [] 
 []


Package fancyhdr Warning: \headheight is too small (65.0pt): 
(fancyhdr)                Make it at least 79.32877pt, for example:
(fancyhdr)                \setlength{\headheight}{79.32877pt}.
(fancyhdr)                You might also make \topmargin smaller to compensate:

(fancyhdr)                \addtolength{\topmargin}{-14.32877pt}.


LaTeX Warning: Reference `LastPage' on page 16 undefined on input line 99.

[16

<C:/Users/aaron.lange/Desktop/Projekte/Hindcast_Tool/HindTool/example_output/Sen
sorEval_WL_tide_page_1.png>]
<C:/Users/aaron.lange/Desktop/Projekte/Hindcast_Tool/HindTool/example_output/Se
nsorEval_v_curr_page_1.png, id=153, 483.63084pt x 312.9291pt>
File: C:/Users/aaron.lange/Desktop/Projekte/Hindcast_Tool/HindTool/example_outp
ut/SensorEval_v_curr_page_1.png Graphic file (type png)
<use C:/Users/aaron.lange/Desktop/Projekte/Hindcast_Tool/HindTool/example_outpu
t/SensorEval_v_curr_page_1.png>
Package luatex.def Info: C:/Users/aaron.lange/Desktop/Projekte/Hindcast_Tool/Hi
ndTool/example_output/SensorEval_v_curr_page_1.png  used on input line 103.
(luatex.def)             Requested size: 483.69687pt x 312.97128pt.


File: JBO_logo.jpg Graphic file (type jpg)
<use JBO_logo.jpg>
Package luatex.def Info: JBO_logo.jpg  used on input line 107.
(luatex.def)             Requested size: 93.89418pt x 30.76807pt.

Overfull \vbox (10.27916pt too high) has occurred while \output is active []


Overfull \hbox (1.84012pt too wide) has occurred while \output is active
[]|[]| 
 []


Overfull \hbox (2.4457pt too wide) has occurred while \output is active
 []|[]| 
 []

! Extra alignment tab has been changed to \cr.
<template> ...Grey}\vrule width\arrayrulewidth }\endtemplate 
                                                  
l.107  \clearpage
               
? 

Overfull \hbox (5.49438pt too wide) has occurred while \output is active
 [] 
 []


Package fancyhdr Warning: \headheight is too small (65.0pt): 
(fancyhdr)                Make it at least 79.32877pt, for example:
(fancyhdr)                \setlength{\headheight}{79.32877pt}.
(fancyhdr)                You might also make \topmargin smaller to compensate:

(fancyhdr)                \addtolength{\topmargin}{-14.32877pt}.


LaTeX Warning: Reference `LastPage' on page 17 undefined on input line 107.

[17

<C:/Users/aaron.lange/Desktop/Projekte/Hindcast_Tool/HindTool/example_output/Sen
sorEval_v_curr_page_1.png>]
<C:/Users/aaron.lange/Desktop/Projekte/Hindcast_Tool/HindTool/example_output/Ro
seplots_wind_page_1.png, id=161, 483.63084pt x 208.57121pt>
File: C:/Users/aaron.lange/Desktop/Projekte/Hindcast_Tool/HindTool/example_outp
ut/Roseplots_wind_page_1.png Graphic file (type png)
<use C:/Users/aaron.lange/Desktop/Projekte/Hindcast_Tool/HindTool/example_outpu
t/Roseplots_wind_page_1.png>
Package luatex.def Info: C:/Users/aaron.lange/Desktop/Projekte/Hindcast_Tool/Hi
ndTool/example_output/Roseplots_wind_page_1.png  used on input line 116.
(luatex.def)             Requested size: 483.69687pt x 208.59933pt.
<C:/Users/aaron.lange/Desktop/Projekte/Hindcast_Tool/HindTool/example_output/Ro
seplots_wind_sea_page_1.png, id=162, 483.63084pt x 208.57121pt>
File: C:/Users/aaron.lange/Desktop/Projekte/Hindcast_Tool/HindTool/example_outp
ut/Roseplots_wind_sea_page_1.png Graphic file (type png)
<use C:/Users/aaron.lange/Desktop/Projekte/Hindcast_Tool/HindTool/example_outpu
t/Roseplots_wind_sea_page_1.png>
Package luatex.def Info: C:/Users/aaron.lange/Desktop/Projekte/Hindcast_Tool/Hi
ndTool/example_output/Roseplots_wind_sea_page_1.png  used on input line 125.
(luatex.def)             Requested size: 483.69687pt x 208.59933pt.
<C:/Users/aaron.lange/Desktop/Projekte/Hindcast_Tool/HindTool/example_output/Ro
seplots_swell_sea_page_1.png, id=163, 483.63084pt x 208.57121pt>
File: C:/Users/aaron.lange/Desktop/Projekte/Hindcast_Tool/HindTool/example_outp
ut/Roseplots_swell_sea_page_1.png Graphic file (type png)
<use C:/Users/aaron.lange/Desktop/Projekte/Hindcast_Tool/HindTool/example_outpu
t/Roseplots_swell_sea_page_1.png>
Package luatex.def Info: C:/Users/aaron.lange/Desktop/Projekte/Hindcast_Tool/Hi
ndTool/example_output/Roseplots_swell_sea_page_1.png  used on input line 134.
(luatex.def)             Requested size: 483.69687pt x 208.59933pt.


File: JBO_logo.jpg Graphic file (type jpg)
<use JBO_logo.jpg>
Package luatex.def Info: JBO_logo.jpg  used on input line 138.
(luatex.def)             Requested size: 93.89418pt x 30.76807pt.

Overfull \vbox (10.27916pt too high) has occurred while \output is active []


Overfull \hbox (1.84012pt too wide) has occurred while \output is active
[]|[]| 
 []


Overfull \hbox (2.4457pt too wide) has occurred while \output is active
 []|[]| 
 []

! Extra alignment tab has been changed to \cr.
<template> ...Grey}\vrule width\arrayrulewidth }\endtemplate 
                                                  
l.138 
    
? 

Overfull \hbox (5.49438pt too wide) has occurred while \output is active
 [] 
 []


Package fancyhdr Warning: \headheight is too small (65.0pt): 
(fancyhdr)                Make it at least 79.32877pt, for example:
(fancyhdr)                \setlength{\headheight}{79.32877pt}.
(fancyhdr)                You might also make \topmargin smaller to compensate:

(fancyhdr)                \addtolength{\topmargin}{-14.32877pt}.


LaTeX Warning: Reference `LastPage' on page 18 undefined on input line 138.

[18

<C:/Users/aaron.lange/Desktop/Projekte/Hindcast_Tool/HindTool/example_output/Ros
eplots_wind_page_1.png><C:/Users/aaron.lange/Desktop/Projekte/Hindcast_Tool/Hind
Tool/example_output/Roseplots_wind_sea_page_1.png>]
<C:/Users/aaron.lange/Desktop/Projekte/Hindcast_Tool/HindTool/example_output/an
gle_deviation_scatter_page_1.png, id=175, 483.63084pt x 250.34328pt>
File: C:/Users/aaron.lange/Desktop/Projekte/Hindcast_Tool/HindTool/example_outp
ut/angle_deviation_scatter_page_1.png Graphic file (type png)
<use C:/Users/aaron.lange/Desktop/Projekte/Hindcast_Tool/HindTool/example_outpu
t/angle_deviation_scatter_page_1.png>
Package luatex.def Info: C:/Users/aaron.lange/Desktop/Projekte/Hindcast_Tool/Hi
ndTool/example_output/angle_deviation_scatter_page_1.png  used on input line 14
5.
(luatex.def)             Requested size: 483.69687pt x 250.37703pt.


File: JBO_logo.jpg Graphic file (type jpg)
<use JBO_logo.jpg>
Package luatex.def Info: JBO_logo.jpg  used on input line 151.
(luatex.def)             Requested size: 93.89418pt x 30.76807pt.

Overfull \vbox (10.27916pt too high) has occurred while \output is active []


Overfull \hbox (1.84012pt too wide) has occurred while \output is active
[]|[]| 
 []


Overfull \hbox (2.4457pt too wide) has occurred while \output is active
 []|[]| 
 []

! Extra alignment tab has been changed to \cr.
<template> ...Grey}\vrule width\arrayrulewidth }\endtemplate 
                                                  
l.151 
    
? 

Overfull \hbox (5.49438pt too wide) has occurred while \output is active
 [] 
 []


Package fancyhdr Warning: \headheight is too small (65.0pt): 
(fancyhdr)                Make it at least 79.32877pt, for example:
(fancyhdr)                \setlength{\headheight}{79.32877pt}.
(fancyhdr)                You might also make \topmargin smaller to compensate:

(fancyhdr)                \addtolength{\topmargin}{-14.32877pt}.


LaTeX Warning: Reference `LastPage' on page 19 undefined on input line 151.

[19<C:/Users/aaron.lange/Desktop/Projekte/Hindcast_Tool/HindTool/example_output/
Roseplots_swell_sea_page_1.png><C:/Users/aaron.lange/Desktop/Projekte/Hindcast_T
ool/HindTool/example_output/angle_deviation_scatter_page_1.png>]

File: JBO_logo.jpg Graphic file (type jpg)
<use JBO_logo.jpg>
Package luatex.def Info: JBO_logo.jpg  used on input line 153.
(luatex.def)             Requested size: 93.89418pt x 30.76807pt.

Overfull \vbox (10.27916pt too high) has occurred while \output is active []


Overfull \hbox (1.84012pt too wide) has occurred while \output is active
[]|[]| 
 []


Overfull \hbox (2.4457pt too wide) has occurred while \output is active
 []|[]| 
 []

! Extra alignment tab has been changed to \cr.
<template> ...Grey}\vrule width\arrayrulewidth }\endtemplate 
                                                  
l.153 \clearpage
              
? 

Overfull \hbox (5.49438pt too wide) has occurred while \output is active
 [] 
 []


Package fancyhdr Warning: \headheight is too small (65.0pt): 
(fancyhdr)                Make it at least 79.32877pt, for example:
(fancyhdr)                \setlength{\headheight}{79.32877pt}.
(fancyhdr)                You might also make \topmargin smaller to compensate:

(fancyhdr)                \addtolength{\topmargin}{-14.32877pt}.


LaTeX Warning: Reference `LastPage' on page 20 undefined on input line 153.

[20]
<C:/Users/aaron.lange/Desktop/Projekte/Hindcast_Tool/HindTool/example_output/Ro
seplots_currents_page_1.png, id=190, 483.63084pt x 625.8582pt>
File: C:/Users/aaron.lange/Desktop/Projekte/Hindcast_Tool/HindTool/example_outp
ut/Roseplots_currents_page_1.png Graphic file (type png)
<use C:/Users/aaron.lange/Desktop/Projekte/Hindcast_Tool/HindTool/example_outpu
t/Roseplots_currents_page_1.png>
Package luatex.def Info: C:/Users/aaron.lange/Desktop/Projekte/Hindcast_Tool/Hi
ndTool/example_output/Roseplots_currents_page_1.png  used on input line 158.
(luatex.def)             Requested size: 483.69687pt x 625.9426pt.
)

File: JBO_logo.jpg Graphic file (type jpg)
<use JBO_logo.jpg>
Package luatex.def Info: JBO_logo.jpg  used on input line 170.
(luatex.def)             Requested size: 93.89418pt x 30.76807pt.

Overfull \vbox (10.27916pt too high) has occurred while \output is active []


Overfull \hbox (1.84012pt too wide) has occurred while \output is active
[]|[]| 
 []


Overfull \hbox (2.4457pt too wide) has occurred while \output is active
 []|[]| 
 []

! Extra alignment tab has been changed to \cr.
<template> ...Grey}\vrule width\arrayrulewidth }\endtemplate 
                                                  
l.170 \include{SensorAnalysis}
                            
? 

Overfull \hbox (5.49438pt too wide) has occurred while \output is active
 [] 
 []


Package fancyhdr Warning: \headheight is too small (65.0pt): 
(fancyhdr)                Make it at least 79.32877pt, for example:
(fancyhdr)                \setlength{\headheight}{79.32877pt}.
(fancyhdr)                You might also make \topmargin smaller to compensate:

(fancyhdr)                \addtolength{\topmargin}{-14.32877pt}.


LaTeX Warning: Reference `LastPage' on page 21 undefined on input line 170.

[21

]
Overfull \vbox (42.8644pt too high) has occurred while \output is active []



File: JBO_logo.jpg Graphic file (type jpg)
<use JBO_logo.jpg>
Package luatex.def Info: JBO_logo.jpg  used on input line 170.
(luatex.def)             Requested size: 93.89418pt x 30.76807pt.

Overfull \vbox (10.27916pt too high) has occurred while \output is active []


Overfull \hbox (1.84012pt too wide) has occurred while \output is active
[]|[]| 
 []


Overfull \hbox (2.4457pt too wide) has occurred while \output is active
 []|[]| 
 []

! Extra alignment tab has been changed to \cr.
<template> ...Grey}\vrule width\arrayrulewidth }\endtemplate 
                                                  
l.170 \include{SensorAnalysis}
                            
? 

Overfull \hbox (5.49438pt too wide) has occurred while \output is active
 [] 
 []


Package fancyhdr Warning: \headheight is too small (65.0pt): 
(fancyhdr)                Make it at least 79.32877pt, for example:
(fancyhdr)                \setlength{\headheight}{79.32877pt}.
(fancyhdr)                You might also make \topmargin smaller to compensate:

(fancyhdr)                \addtolength{\topmargin}{-14.32877pt}.


LaTeX Warning: Reference `LastPage' on page 22 undefined on input line 170.

[22<C:/Users/aaron.lange/Desktop/Projekte/Hindcast_Tool/HindTool/example_output/
Roseplots_currents_page_1.png>]
! Interruption.
<argument> ...hipout_box \__shipout_drop_firstpage_specials: 
                                                  \set@typeset@protect \hook...
l.170 \include{SensorAnalysis}
                            
? 

\openout2 = DataCorrelation.aux
(./DataCorrelation.tex
<C:/Users/aaron.lange/Desktop/Projekte/Hindcast_Tool/HindTool/example_output/Re
port_table_VMHS_page_1.png, id=203, 483.63084pt x 159.28308pt>
File: C:/Users/aaron.lange/Desktop/Projekte/Hindcast_Tool/HindTool/example_outp
ut/Report_table_VMHS_page_1.png Graphic file (type png)
<use C:/Users/aaron.lange/Desktop/Projekte/Hindcast_Tool/HindTool/example_outpu
t/Report_table_VMHS_page_1.png>
Package luatex.def Info: C:/Users/aaron.lange/Desktop/Projekte/Hindcast_Tool/Hi
ndTool/example_output/Report_table_VMHS_page_1.png  used on input line 29.
(luatex.def)             Requested size: 483.69687pt x 159.30455pt.


File: JBO_logo.jpg Graphic file (type jpg)
<use JBO_logo.jpg>
Package luatex.def Info: JBO_logo.jpg  used on input line 34.
(luatex.def)             Requested size: 93.89418pt x 30.76807pt.

Overfull \vbox (10.27916pt too high) has occurred while \output is active []


Overfull \hbox (1.84012pt too wide) has occurred while \output is active
[]|[]| 
 []


Overfull \hbox (2.4457pt too wide) has occurred while \output is active
 []|[]| 
 []

! Extra alignment tab has been changed to \cr.
<template> ...Grey}\vrule width\arrayrulewidth }\endtemplate 
                                                  
l.34 
   
? 

Overfull \hbox (5.49438pt too wide) has occurred while \output is active
 [] 
 []


Package fancyhdr Warning: \headheight is too small (65.0pt): 
(fancyhdr)                Make it at least 79.32877pt, for example:
(fancyhdr)                \setlength{\headheight}{79.32877pt}.
(fancyhdr)                You might also make \topmargin smaller to compensate:

(fancyhdr)                \addtolength{\topmargin}{-14.32877pt}.


LaTeX Warning: Reference `LastPage' on page 23 undefined on input line 34.

[23



]

File: JBO_logo.jpg Graphic file (type jpg)
<use JBO_logo.jpg>
Package luatex.def Info: JBO_logo.jpg  used on input line 56.
(luatex.def)             Requested size: 93.89418pt x 30.76807pt.

Overfull \vbox (10.27916pt too high) has occurred while \output is active []


Overfull \hbox (1.84012pt too wide) has occurred while \output is active
[]|[]| 
 []


Overfull \hbox (2.4457pt too wide) has occurred while \output is active
 []|[]| 
 []

! Extra alignment tab has been changed to \cr.
<template> ...Grey}\vrule width\arrayrulewidth }\endtemplate 
                                                  
l.56 T
    he calculated condensation curve is adjusted to ensure it forms a monoto...
? 

Overfull \hbox (5.49438pt too wide) has occurred while \output is active
 [] 
 []


Package fancyhdr Warning: \headheight is too small (65.0pt): 
(fancyhdr)                Make it at least 79.32877pt, for example:
(fancyhdr)                \setlength{\headheight}{79.32877pt}.
(fancyhdr)                You might also make \topmargin smaller to compensate:

(fancyhdr)                \addtolength{\topmargin}{-14.32877pt}.


LaTeX Warning: Reference `LastPage' on page 24 undefined on input line 56.

[24<C:/Users/aaron.lange/Desktop/Projekte/Hindcast_Tool/HindTool/example_output/
Report_table_VMHS_page_1.png>]
<C:/Users/aaron.lange/Desktop/Projekte/Hindcast_Tool/HindTool/example_output/Re
port_table_HSTP_page_1.png, id=226, 483.63084pt x 179.2296pt>
File: C:/Users/aaron.lange/Desktop/Projekte/Hindcast_Tool/HindTool/example_outp
ut/Report_table_HSTP_page_1.png Graphic file (type png)
<use C:/Users/aaron.lange/Desktop/Projekte/Hindcast_Tool/HindTool/example_outpu
t/Report_table_HSTP_page_1.png>
Package luatex.def Info: C:/Users/aaron.lange/Desktop/Projekte/Hindcast_Tool/Hi
ndTool/example_output/Report_table_HSTP_page_1.png  used on input line 63.
(luatex.def)             Requested size: 483.69687pt x 179.25375pt.

Underfull \hbox (badness 10000) in paragraph at lines 69--71

 []

<C:/Users/aaron.lange/Desktop/Projekte/Hindcast_Tool/HindTool/example_output/VM
HS_wind_page_3.png, id=227, 483.63084pt x 250.34328pt>
File: C:/Users/aaron.lange/Desktop/Projekte/Hindcast_Tool/HindTool/example_outp
ut/VMHS_wind_page_3.png Graphic file (type png)
<use C:/Users/aaron.lange/Desktop/Projekte/Hindcast_Tool/HindTool/example_outpu
t/VMHS_wind_page_3.png>
Package luatex.def Info: C:/Users/aaron.lange/Desktop/Projekte/Hindcast_Tool/Hi
ndTool/example_output/VMHS_wind_page_3.png  used on input line 74.
(luatex.def)             Requested size: 483.69687pt x 250.37703pt.
<C:/Users/aaron.lange/Desktop/Projekte/Hindcast_Tool/HindTool/example_output/VM
HS_swell_page_3.png, id=228, 483.63084pt x 250.34328pt>
File: C:/Users/aaron.lange/Desktop/Projekte/Hindcast_Tool/HindTool/example_outp
ut/VMHS_swell_page_3.png Graphic file (type png)
<use C:/Users/aaron.lange/Desktop/Projekte/Hindcast_Tool/HindTool/example_outpu
t/VMHS_swell_page_3.png>
Package luatex.def Info: C:/Users/aaron.lange/Desktop/Projekte/Hindcast_Tool/Hi
ndTool/example_output/VMHS_swell_page_3.png  used on input line 80.
(luatex.def)             Requested size: 483.69687pt x 250.37703pt.


File: JBO_logo.jpg Graphic file (type jpg)
<use JBO_logo.jpg>
Package luatex.def Info: JBO_logo.jpg  used on input line 83.
(luatex.def)             Requested size: 93.89418pt x 30.76807pt.

Overfull \vbox (10.27916pt too high) has occurred while \output is active []


Overfull \hbox (1.84012pt too wide) has occurred while \output is active
[]|[]| 
 []


Overfull \hbox (2.4457pt too wide) has occurred while \output is active
 []|[]| 
 []

! Extra alignment tab has been changed to \cr.
<template> ...Grey}\vrule width\arrayrulewidth }\endtemplate 
                                                  
l.83 \end{figure}
               
? 

Overfull \hbox (5.49438pt too wide) has occurred while \output is active
 [] 
 []


Package fancyhdr Warning: \headheight is too small (65.0pt): 
(fancyhdr)                Make it at least 79.32877pt, for example:
(fancyhdr)                \setlength{\headheight}{79.32877pt}.
(fancyhdr)                You might also make \topmargin smaller to compensate:

(fancyhdr)                \addtolength{\topmargin}{-14.32877pt}.


LaTeX Warning: Reference `LastPage' on page 25 undefined on input line 83.

[25<C:/Users/aaron.lange/Desktop/Projekte/Hindcast_Tool/HindTool/example_output/
Report_table_HSTP_page_1.png>]
<C:/Users/aaron.lange/Desktop/Projekte/Hindcast_Tool/HindTool/example_output/VM
HS_wind_page_1.png, id=236, 483.63084pt x 625.8582pt>
File: C:/Users/aaron.lange/Desktop/Projekte/Hindcast_Tool/HindTool/example_outp
ut/VMHS_wind_page_1.png Graphic file (type png)
<use C:/Users/aaron.lange/Desktop/Projekte/Hindcast_Tool/HindTool/example_outpu
t/VMHS_wind_page_1.png>
Package luatex.def Info: C:/Users/aaron.lange/Desktop/Projekte/Hindcast_Tool/Hi
ndTool/example_output/VMHS_wind_page_1.png  used on input line 87.
(luatex.def)             Requested size: 483.69687pt x 625.9426pt.
<C:/Users/aaron.lange/Desktop/Projekte/Hindcast_Tool/HindTool/example_output/VM
HS_wind_page_2.png, id=237, 483.63084pt x 625.8582pt>
File: C:/Users/aaron.lange/Desktop/Projekte/Hindcast_Tool/HindTool/example_outp
ut/VMHS_wind_page_2.png Graphic file (type png)
<use C:/Users/aaron.lange/Desktop/Projekte/Hindcast_Tool/HindTool/example_outpu
t/VMHS_wind_page_2.png>
Package luatex.def Info: C:/Users/aaron.lange/Desktop/Projekte/Hindcast_Tool/Hi
ndTool/example_output/VMHS_wind_page_2.png  used on input line 93.
(luatex.def)             Requested size: 483.69687pt x 625.9426pt.


File: JBO_logo.jpg Graphic file (type jpg)
<use JBO_logo.jpg>
Package luatex.def Info: JBO_logo.jpg  used on input line 96.
(luatex.def)             Requested size: 93.89418pt x 30.76807pt.

Overfull \vbox (10.27916pt too high) has occurred while \output is active []


Overfull \hbox (1.84012pt too wide) has occurred while \output is active
[]|[]| 
 []


Overfull \hbox (2.4457pt too wide) has occurred while \output is active
 []|[]| 
 []

! Extra alignment tab has been changed to \cr.
<template> ...Grey}\vrule width\arrayrulewidth }\endtemplate 
                                                  
l.96 \end{figure}
               
? 

Overfull \hbox (5.49438pt too wide) has occurred while \output is active
 [] 
 []


Package fancyhdr Warning: \headheight is too small (65.0pt): 
(fancyhdr)                Make it at least 79.32877pt, for example:
(fancyhdr)                \setlength{\headheight}{79.32877pt}.
(fancyhdr)                You might also make \topmargin smaller to compensate:

(fancyhdr)                \addtolength{\topmargin}{-14.32877pt}.


LaTeX Warning: Reference `LastPage' on page 26 undefined on input line 96.

[26<C:/Users/aaron.lange/Desktop/Projekte/Hindcast_Tool/HindTool/example_output/
VMHS_wind_page_3.png><C:/Users/aaron.lange/Desktop/Projekte/Hindcast_Tool/HindTo
ol/example_output/VMHS_swell_page_3.png>]
Overfull \vbox (18.11342pt too high) has occurred while \output is active []



File: JBO_logo.jpg Graphic file (type jpg)
<use JBO_logo.jpg>
Package luatex.def Info: JBO_logo.jpg  used on input line 96.
(luatex.def)             Requested size: 93.89418pt x 30.76807pt.

Overfull \vbox (10.27916pt too high) has occurred while \output is active []


Overfull \hbox (1.84012pt too wide) has occurred while \output is active
[]|[]| 
 []


Overfull \hbox (2.4457pt too wide) has occurred while \output is active
 []|[]| 
 []

! Extra alignment tab has been changed to \cr.
<template> ...Grey}\vrule width\arrayrulewidth }\endtemplate 
                                                  
l.96 \end{figure}
               
? 

Overfull \hbox (5.49438pt too wide) has occurred while \output is active
 [] 
 []


Package fancyhdr Warning: \headheight is too small (65.0pt): 
(fancyhdr)                Make it at least 79.32877pt, for example:
(fancyhdr)                \setlength{\headheight}{79.32877pt}.
(fancyhdr)                You might also make \topmargin smaller to compensate:

(fancyhdr)                \addtolength{\topmargin}{-14.32877pt}.


LaTeX Warning: Reference `LastPage' on page 27 undefined on input line 96.

[27<C:/Users/aaron.lange/Desktop/Projekte/Hindcast_Tool/HindTool/example_output/
VMHS_wind_page_1.png>]
Overfull \vbox (18.11342pt too high) has occurred while \output is active []



File: JBO_logo.jpg Graphic file (type jpg)
<use JBO_logo.jpg>
Package luatex.def Info: JBO_logo.jpg  used on input line 97.
(luatex.def)             Requested size: 93.89418pt x 30.76807pt.

Overfull \vbox (10.27916pt too high) has occurred while \output is active []


Overfull \hbox (1.84012pt too wide) has occurred while \output is active
[]|[]| 
 []


Overfull \hbox (2.4457pt too wide) has occurred while \output is active
 []|[]| 
 []

! Extra alignment tab has been changed to \cr.
<template> ...Grey}\vrule width\arrayrulewidth }\endtemplate 
                                                  
l.97 
   
? 

Overfull \hbox (5.49438pt too wide) has occurred while \output is active
 [] 
 []


Package fancyhdr Warning: \headheight is too small (65.0pt): 
(fancyhdr)                Make it at least 79.32877pt, for example:
(fancyhdr)                \setlength{\headheight}{79.32877pt}.
(fancyhdr)                You might also make \topmargin smaller to compensate:

(fancyhdr)                \addtolength{\topmargin}{-14.32877pt}.


LaTeX Warning: Reference `LastPage' on page 28 undefined on input line 97.

[28<C:/Users/aaron.lange/Desktop/Projekte/Hindcast_Tool/HindTool/example_output/
VMHS_wind_page_2.png>]
<C:/Users/aaron.lange/Desktop/Projekte/Hindcast_Tool/HindTool/example_output/VM
HS_swell_page_1.png, id=258, 483.63084pt x 625.8582pt>
File: C:/Users/aaron.lange/Desktop/Projekte/Hindcast_Tool/HindTool/example_outp
ut/VMHS_swell_page_1.png Graphic file (type png)
<use C:/Users/aaron.lange/Desktop/Projekte/Hindcast_Tool/HindTool/example_outpu
t/VMHS_swell_page_1.png>
Package luatex.def Info: C:/Users/aaron.lange/Desktop/Projekte/Hindcast_Tool/Hi
ndTool/example_output/VMHS_swell_page_1.png  used on input line 100.
(luatex.def)             Requested size: 483.69687pt x 625.9426pt.
<C:/Users/aaron.lange/Desktop/Projekte/Hindcast_Tool/HindTool/example_output/VM
HS_swell_page_2.png, id=259, 483.63084pt x 625.8582pt>
File: C:/Users/aaron.lange/Desktop/Projekte/Hindcast_Tool/HindTool/example_outp
ut/VMHS_swell_page_2.png Graphic file (type png)
<use C:/Users/aaron.lange/Desktop/Projekte/Hindcast_Tool/HindTool/example_outpu
t/VMHS_swell_page_2.png>
Package luatex.def Info: C:/Users/aaron.lange/Desktop/Projekte/Hindcast_Tool/Hi
ndTool/example_output/VMHS_swell_page_2.png  used on input line 106.
(luatex.def)             Requested size: 483.69687pt x 625.9426pt.

Overfull \vbox (18.11342pt too high) has occurred while \output is active []



File: JBO_logo.jpg Graphic file (type jpg)
<use JBO_logo.jpg>
Package luatex.def Info: JBO_logo.jpg  used on input line 109.
(luatex.def)             Requested size: 93.89418pt x 30.76807pt.

Overfull \vbox (10.27916pt too high) has occurred while \output is active []


Overfull \hbox (1.84012pt too wide) has occurred while \output is active
[]|[]| 
 []


Overfull \hbox (2.4457pt too wide) has occurred while \output is active
 []|[]| 
 []

! Extra alignment tab has been changed to \cr.
<template> ...Grey}\vrule width\arrayrulewidth }\endtemplate 
                                                  
l.109 \end{figure}
                
? 

Overfull \hbox (5.49438pt too wide) has occurred while \output is active
 [] 
 []


Package fancyhdr Warning: \headheight is too small (65.0pt): 
(fancyhdr)                Make it at least 79.32877pt, for example:
(fancyhdr)                \setlength{\headheight}{79.32877pt}.
(fancyhdr)                You might also make \topmargin smaller to compensate:

(fancyhdr)                \addtolength{\topmargin}{-14.32877pt}.


LaTeX Warning: Reference `LastPage' on page 29 undefined on input line 109.

[29<C:/Users/aaron.lange/Desktop/Projekte/Hindcast_Tool/HindTool/example_output/
VMHS_swell_page_1.png>]
Overfull \vbox (18.11342pt too high) has occurred while \output is active []



File: JBO_logo.jpg Graphic file (type jpg)
<use JBO_logo.jpg>
Package luatex.def Info: JBO_logo.jpg  used on input line 110.
(luatex.def)             Requested size: 93.89418pt x 30.76807pt.

Overfull \vbox (10.27916pt too high) has occurred while \output is active []


Overfull \hbox (1.84012pt too wide) has occurred while \output is active
[]|[]| 
 []


Overfull \hbox (2.4457pt too wide) has occurred while \output is active
 []|[]| 
 []

! Extra alignment tab has been changed to \cr.
<template> ...Grey}\vrule width\arrayrulewidth }\endtemplate 
                                                  
l.110 
    
? 

Overfull \hbox (5.49438pt too wide) has occurred while \output is active
 [] 
 []


Package fancyhdr Warning: \headheight is too small (65.0pt): 
(fancyhdr)                Make it at least 79.32877pt, for example:
(fancyhdr)                \setlength{\headheight}{79.32877pt}.
(fancyhdr)                You might also make \topmargin smaller to compensate:

(fancyhdr)                \addtolength{\topmargin}{-14.32877pt}.


LaTeX Warning: Reference `LastPage' on page 30 undefined on input line 110.

[30<C:/Users/aaron.lange/Desktop/Projekte/Hindcast_Tool/HindTool/example_output/
VMHS_swell_page_2.png>]
Underfull \hbox (badness 10000) in paragraph at lines 115--116

 []

<C:/Users/aaron.lange/Desktop/Projekte/Hindcast_Tool/HindTool/latex_templates/V
MTP_theory.jpg, id=272, 483.30562pt x 169.38281pt>
File: C:/Users/aaron.lange/Desktop/Projekte/Hindcast_Tool/HindTool/latex_templa
tes/VMTP_theory.jpg Graphic file (type jpg)
<use C:/Users/aaron.lange/Desktop/Projekte/Hindcast_Tool/HindTool/latex_templat
es/VMTP_theory.jpg>
Package luatex.def Info: C:/Users/aaron.lange/Desktop/Projekte/Hindcast_Tool/Hi
ndTool/latex_templates/VMTP_theory.jpg  used on input line 119.
(luatex.def)             Requested size: 483.69687pt x 169.52711pt.
<C:/Users/aaron.lange/Desktop/Projekte/Hindcast_Tool/HindTool/example_output/VM
TP_wind_page_3.png, id=273, 483.63084pt x 250.34328pt>
File: C:/Users/aaron.lange/Desktop/Projekte/Hindcast_Tool/HindTool/example_outp
ut/VMTP_wind_page_3.png Graphic file (type png)
<use C:/Users/aaron.lange/Desktop/Projekte/Hindcast_Tool/HindTool/example_outpu
t/VMTP_wind_page_3.png>
Package luatex.def Info: C:/Users/aaron.lange/Desktop/Projekte/Hindcast_Tool/Hi
ndTool/example_output/VMTP_wind_page_3.png  used on input line 125.
(luatex.def)             Requested size: 483.69687pt x 250.37703pt.


File: JBO_logo.jpg Graphic file (type jpg)
<use JBO_logo.jpg>
Package luatex.def Info: JBO_logo.jpg  used on input line 129.
(luatex.def)             Requested size: 93.89418pt x 30.76807pt.

Overfull \vbox (10.27916pt too high) has occurred while \output is active []


Overfull \hbox (1.84012pt too wide) has occurred while \output is active
[]|[]| 
 []


Overfull \hbox (2.4457pt too wide) has occurred while \output is active
 []|[]| 
 []

! Extra alignment tab has been changed to \cr.
<template> ...Grey}\vrule width\arrayrulewidth }\endtemplate 
                                                  
l.129 
    
? 

Overfull \hbox (5.49438pt too wide) has occurred while \output is active
 [] 
 []


Package fancyhdr Warning: \headheight is too small (65.0pt): 
(fancyhdr)                Make it at least 79.32877pt, for example:
(fancyhdr)                \setlength{\headheight}{79.32877pt}.
(fancyhdr)                You might also make \topmargin smaller to compensate:

(fancyhdr)                \addtolength{\topmargin}{-14.32877pt}.


LaTeX Warning: Reference `LastPage' on page 31 undefined on input line 129.

[31<C:/Users/aaron.lange/Desktop/Projekte/Hindcast_Tool/HindTool/latex_templates
/VMTP_theory.jpg>]
! Missing $ inserted.
<inserted text> 
$
l.131 ...d to interpolate the data on the desired v_
                                                  m- grid. The values are on...
? 
! Missing $ inserted.
<inserted text> 
$
l.131 .... The values are only calculated in the $v_
                                                  m$ - range with data given...
? 
<C:/Users/aaron.lange/Desktop/Projekte/Hindcast_Tool/HindTool/example_output/ta
ble_vmhs_wind_page_1.png, id=281, 483.63084pt x 625.8582pt>
File: C:/Users/aaron.lange/Desktop/Projekte/Hindcast_Tool/HindTool/example_outp
ut/table_vmhs_wind_page_1.png Graphic file (type png)
<use C:/Users/aaron.lange/Desktop/Projekte/Hindcast_Tool/HindTool/example_outpu
t/table_vmhs_wind_page_1.png>
Package luatex.def Info: C:/Users/aaron.lange/Desktop/Projekte/Hindcast_Tool/Hi
ndTool/example_output/table_vmhs_wind_page_1.png  used on input line 135.
(luatex.def)             Requested size: 483.69687pt x 625.9426pt.
<C:/Users/aaron.lange/Desktop/Projekte/Hindcast_Tool/HindTool/example_output/ta
ble_vmtp_wind_page_1.png, id=282, 483.63084pt x 625.8582pt>
File: C:/Users/aaron.lange/Desktop/Projekte/Hindcast_Tool/HindTool/example_outp
ut/table_vmtp_wind_page_1.png Graphic file (type png)
<use C:/Users/aaron.lange/Desktop/Projekte/Hindcast_Tool/HindTool/example_outpu
t/table_vmtp_wind_page_1.png>
Package luatex.def Info: C:/Users/aaron.lange/Desktop/Projekte/Hindcast_Tool/Hi
ndTool/example_output/table_vmtp_wind_page_1.png  used on input line 142.
(luatex.def)             Requested size: 483.69687pt x 625.9426pt.


File: JBO_logo.jpg Graphic file (type jpg)
<use JBO_logo.jpg>
Package luatex.def Info: JBO_logo.jpg  used on input line 146.
(luatex.def)             Requested size: 93.89418pt x 30.76807pt.

Overfull \vbox (10.27916pt too high) has occurred while \output is active []


Overfull \hbox (1.84012pt too wide) has occurred while \output is active
[]|[]| 
 []


Overfull \hbox (2.4457pt too wide) has occurred while \output is active
 []|[]| 
 []

! Extra alignment tab has been changed to \cr.
<template> ...Grey}\vrule width\arrayrulewidth }\endtemplate 
                                                  
l.146 \end{figure}
                
? 

Overfull \hbox (5.49438pt too wide) has occurred while \output is active
 [] 
 []


Package fancyhdr Warning: \headheight is too small (65.0pt): 
(fancyhdr)                Make it at least 79.32877pt, for example:
(fancyhdr)                \setlength{\headheight}{79.32877pt}.
(fancyhdr)                You might also make \topmargin smaller to compensate:

(fancyhdr)                \addtolength{\topmargin}{-14.32877pt}.


LaTeX Warning: Reference `LastPage' on page 32 undefined on input line 146.

[32<C:/Users/aaron.lange/Desktop/Projekte/Hindcast_Tool/HindTool/example_output/
VMTP_wind_page_3.png>]
Overfull \vbox (30.11342pt too high) has occurred while \output is active []



File: JBO_logo.jpg Graphic file (type jpg)
<use JBO_logo.jpg>
Package luatex.def Info: JBO_logo.jpg  used on input line 146.
(luatex.def)             Requested size: 93.89418pt x 30.76807pt.

Overfull \vbox (10.27916pt too high) has occurred while \output is active []


Overfull \hbox (1.84012pt too wide) has occurred while \output is active
[]|[]| 
 []


Overfull \hbox (2.4457pt too wide) has occurred while \output is active
 []|[]| 
 []

! Extra alignment tab has been changed to \cr.
<template> ...Grey}\vrule width\arrayrulewidth }\endtemplate 
                                                  
l.146 \end{figure}
                
? 

Overfull \hbox (5.49438pt too wide) has occurred while \output is active
 [] 
 []


Package fancyhdr Warning: \headheight is too small (65.0pt): 
(fancyhdr)                Make it at least 79.32877pt, for example:
(fancyhdr)                \setlength{\headheight}{79.32877pt}.
(fancyhdr)                You might also make \topmargin smaller to compensate:

(fancyhdr)                \addtolength{\topmargin}{-14.32877pt}.


LaTeX Warning: Reference `LastPage' on page 33 undefined on input line 146.

[33<C:/Users/aaron.lange/Desktop/Projekte/Hindcast_Tool/HindTool/example_output/
table_vmhs_wind_page_1.png>]
<C:/Users/aaron.lange/Desktop/Projekte/Hindcast_Tool/HindTool/example_output/ta
ble_vmhs_swell_page_1.png, id=297, 483.63084pt x 625.8582pt>
File: C:/Users/aaron.lange/Desktop/Projekte/Hindcast_Tool/HindTool/example_outp
ut/table_vmhs_swell_page_1.png Graphic file (type png)
<use C:/Users/aaron.lange/Desktop/Projekte/Hindcast_Tool/HindTool/example_outpu
t/table_vmhs_swell_page_1.png>
Package luatex.def Info: C:/Users/aaron.lange/Desktop/Projekte/Hindcast_Tool/Hi
ndTool/example_output/table_vmhs_swell_page_1.png  used on input line 149.
(luatex.def)             Requested size: 483.69687pt x 625.9426pt.

Overfull \vbox (30.11342pt too high) has occurred while \output is active []



File: JBO_logo.jpg Graphic file (type jpg)
<use JBO_logo.jpg>
Package luatex.def Info: JBO_logo.jpg  used on input line 153.
(luatex.def)             Requested size: 93.89418pt x 30.76807pt.

Overfull \vbox (10.27916pt too high) has occurred while \output is active []


Overfull \hbox (1.84012pt too wide) has occurred while \output is active
[]|[]| 
 []


Overfull \hbox (2.4457pt too wide) has occurred while \output is active
 []|[]| 
 []

! Extra alignment tab has been changed to \cr.
<template> ...Grey}\vrule width\arrayrulewidth }\endtemplate 
                                                  
l.153 \end{figure}
                
? 

Overfull \hbox (5.49438pt too wide) has occurred while \output is active
 [] 
 []


Package fancyhdr Warnin